#
# A fatal error has been detected by the Java Runtime Environment:
#
#  SIGSEGV (0xb) at pc=0x00007ff80030f31f, pid=11577, tid=7171
#
# JRE version: OpenJDK Runtime Environment Temurin-17.0.3+7 (17.0.3+7) (build 17.0.3+7)
# Java VM: OpenJDK 64-Bit Server VM Temurin-17.0.3+7 (17.0.3+7, mixed mode, tiered, compressed oops, compressed class ptrs, g1 gc, bsd-amd64)
# Problematic frame:
# C  [libobjc.A.dylib+0x931f]  objc_release+0x1f
#
# No core dump will be written. Core dumps have been disabled. To enable core dumping, try "ulimit -c unlimited" before starting Java again
#
# If you would like to submit a bug report, please visit:
#   https://github.com/adoptium/adoptium-support/issues
# The crash happened outside the Java Virtual Machine in native code.
# See problematic frame for where to report the bug.
#

---------------  S U M M A R Y ------------

Command Line: -Djava.library.path=/Users/grzegorzjaskula/eclipse-workspace/ComputerGraphics/lib/natives -Dfile.encoding=UTF-8 -XX:+ShowCodeDetailsInExceptionMessages engineTester.MainGameLoop

Host: "MacBookAir10,1" x86_64 (EMULATED) 2400 MHz, 8 cores, 16G, Darwin 21.6.0, macOS 10.16 (21G72)
Time: Thu Aug 11 20:24:09 2022 CEST elapsed time: 0.536760 seconds (0d 0h 0m 0s)

---------------  T H R E A D  ---------------

Current thread (0x00007f96f180a200):  JavaThread "main" [_thread_in_native, id=7171, stack(0x000000030d310000,0x000000030d410000)]

Stack: [0x000000030d310000,0x000000030d410000],  sp=0x000000030d40f588,  free space=1021k
Native frames: (J=compiled Java code, j=interpreted, Vv=VM code, C=native code)
C  [libobjc.A.dylib+0x931f]  objc_release+0x1f
C  [libobjc.A.dylib+0xa24f]  objc_autoreleasePoolPop+0xa8
C  [CoreFoundation+0x41052]  _CFAutoreleasePoolPop+0x16
C  [Foundation+0x1ebc1]  -[NSAutoreleasePool release]+0x85
j  org.lwjgl.opengl.MacOSXContextImplementation.setView(Ljava/nio/ByteBuffer;Ljava/nio/ByteBuffer;)V+0
j  org.lwjgl.opengl.MacOSXContextImplementation.makeCurrent(Lorg/lwjgl/opengl/PeerInfo;Ljava/nio/ByteBuffer;)V+7
j  org.lwjgl.opengl.ContextGL.makeCurrent()V+46
j  org.lwjgl.opengl.DrawableGL.makeCurrent()V+14
j  org.lwjgl.opengl.Display.makeCurrent()V+3
j  org.lwjgl.opengl.Display.makeCurrentAndSetSwapInterval()V+0
j  org.lwjgl.opengl.Display.create(Lorg/lwjgl/opengl/PixelFormat;Lorg/lwjgl/opengl/Drawable;Lorg/lwjgl/opengl/ContextAttribs;)V+108
j  org.lwjgl.opengl.Display.create(Lorg/lwjgl/opengl/PixelFormat;Lorg/lwjgl/opengl/ContextAttribs;)V+9
j  renderEngine.DisplayManager.createDisplay()V+42
j  engineTester.MainGameLoop.main([Ljava/lang/String;)V+0
v  ~StubRoutines::call_stub
V  [libjvm.dylib+0x51b076]  _ZN9JavaCalls11call_helperEP9JavaValueRK12methodHandleP17JavaCallArgumentsP10JavaThread+0x2b6
V  [libjvm.dylib+0x57e878]  _ZL17jni_invoke_staticP7JNIEnv_P9JavaValueP8_jobject11JNICallTypeP10_jmethodIDP18JNI_ArgumentPusherP10JavaThread+0x158
V  [libjvm.dylib+0x581dc8]  jni_CallStaticVoidMethod+0x198
C  [libjli.dylib+0x4fcd]  JavaMain+0xc1d
C  [libjli.dylib+0x7699]  ThreadJavaMain+0x9
C  [libsystem_pthread.dylib+0x64e1]  _pthread_start+0x7d
C  [libsystem_pthread.dylib+0x1f6b]  thread_start+0xf

Java frames: (J=compiled Java code, j=interpreted, Vv=VM code)
j  org.lwjgl.opengl.MacOSXContextImplementation.setView(Ljava/nio/ByteBuffer;Ljava/nio/ByteBuffer;)V+0
j  org.lwjgl.opengl.MacOSXContextImplementation.makeCurrent(Lorg/lwjgl/opengl/PeerInfo;Ljava/nio/ByteBuffer;)V+7
j  org.lwjgl.opengl.ContextGL.makeCurrent()V+46
j  org.lwjgl.opengl.DrawableGL.makeCurrent()V+14
j  org.lwjgl.opengl.Display.makeCurrent()V+3
j  org.lwjgl.opengl.Display.makeCurrentAndSetSwapInterval()V+0
j  org.lwjgl.opengl.Display.create(Lorg/lwjgl/opengl/PixelFormat;Lorg/lwjgl/opengl/Drawable;Lorg/lwjgl/opengl/ContextAttribs;)V+108
j  org.lwjgl.opengl.Display.create(Lorg/lwjgl/opengl/PixelFormat;Lorg/lwjgl/opengl/ContextAttribs;)V+9
j  renderEngine.DisplayManager.createDisplay()V+42
j  engineTester.MainGameLoop.main([Ljava/lang/String;)V+0
v  ~StubRoutines::call_stub

siginfo: si_signo: 11 (SIGSEGV), si_code: 1 (SEGV_MAPERR), si_addr: 0x000045b438ad4110

Register to memory mapping:

RAX=0x0000c5b438ad40f0 is an unknown value
RBX=0x0000000000000001 is an unknown value
RCX=0x000045b438ad40f0 is an unknown value
RDX=0x0000000000000006 is an unknown value
RSP=0x000000030d40f588 is pointing into the stack for thread: 0x00007f96f180a200
RBP=0x000000030d40f5c0 is pointing into the stack for thread: 0x00007f96f180a200
RSI=0x00007ff81ab2b084: <offset 0x1a825084> in /usr/lib/libobjc.A.dylib at 0x00007ff800306000
RDI=0x0000600003b840f0 points into unknown readable memory: 0x0000c5b438ad40f0 | f0 40 ad 38 b4 c5 00 00
R8 =0x00007f96f21e16c8 points into unknown readable memory: 0x0000000000000000 | 00 00 00 00 00 00 00 00
R9 =0x0 is NULL
R10=0x0000000134edecb8: OBJC_CLASS_$_MacOSXOpenGLView+0 in /Users/grzegorzjaskula/eclipse-workspace/ComputerGraphics/lib/natives/liblwjgl.jnilib at 0x0000000134ea1000
R11=0x00007ff802e7aba4: -[NSResponder release]+0 in /System/Library/Frameworks/AppKit.framework/Versions/C/AppKit at 0x00007ff802e6f000
R12=0x0000600003b840f0 points into unknown readable memory: 0x0000c5b438ad40f0 | f0 40 ad 38 b4 c5 00 00
R13=0xa3a3a3a3a3a3a3a3 is an unknown value
R14=0x00007f96f201f098 points into unknown readable memory: 0x0000000000000000 | 00 00 00 00 00 00 00 00
R15=0x00007f96f201f000 points into unknown readable memory: 0x4f545541a1a1a1a1 | a1 a1 a1 a1 41 55 54 4f


Registers:
RAX=0x0000c5b438ad40f0, RBX=0x0000000000000001, RCX=0x000045b438ad40f0, RDX=0x0000000000000006
RSP=0x000000030d40f588, RBP=0x000000030d40f5c0, RSI=0x00007ff81ab2b084, RDI=0x0000600003b840f0
R8 =0x00007f96f21e16c8, R9 =0x0000000000000000, R10=0x0000000134edecb8, R11=0x00007ff802e7aba4
R12=0x0000600003b840f0, R13=0xa3a3a3a3a3a3a3a3, R14=0x00007f96f201f098, R15=0x00007f96f201f000
RIP=0x00007ff80030f31f, EFLAGS=0x0000000000000246, ERR=0x0000000000000004
  TRAPNO=0x000000000000000e

Top of Stack: (sp=0x000000030d40f588)
0x000000030d40f588:   00007ff8003133aa ed613bde1bcf00d6
0x000000030d40f598:   00007f96f201f000 0000000000000000
0x000000030d40f5a8:   000000012eb2a130 00007ff81ab2b084
0x000000030d40f5b8:   0000600003be7cf0 000000030d40f5e0
0x000000030d40f5c8:   00007ff80031024f ed613bde1bcf00d6
0x000000030d40f5d8:   00007f96f201f098 000000030d40f600
0x000000030d40f5e8:   00007ff800501052 ed613bde1bcf00d6
0x000000030d40f5f8:   000000012eb2a138 000000030d40f640
0x000000030d40f608:   00007ff801290bc1 000000030d40f640
0x000000030d40f618:   0000000134eb7b44 ed613bde1bcf00d6
0x000000030d40f628:   000000012eb2a138 000000030d40f6d0
0x000000030d40f638:   00007f96f180a200 000000030d40f6a8
0x000000030d40f648:   0000000114161365 000000012eb291b8
0x000000030d40f658:   00000001141610b6 000000030d40f660
0x000000030d40f668:   000000012eb2a130 000000030d40f6d0
0x000000030d40f678:   000000012eb2a6a8 0000000000000000
0x000000030d40f688:   000000070fdb7328 000000012eb2a138
0x000000030d40f698:   0000000000000000 000000030d40f6c8
0x000000030d40f6a8:   000000030d40f720 000000011415d42b
0x000000030d40f6b8:   000000070fdb7328 000000011415ef18
0x000000030d40f6c8:   000000070fdc1170 000000070fcd3740
0x000000030d40f6d8:   000000030d40f6d8 000000012eb2a037
0x000000030d40f6e8:   000000030d40f750 000000012eb2a6a8
0x000000030d40f6f8:   0000000000000000 000000070fdb7328
0x000000030d40f708:   000000012eb2a0a8 000000030d40f6c8
0x000000030d40f718:   000000030d40f740 000000030d40f7b0
0x000000030d40f728:   000000011415d88f 0000000000000000
0x000000030d40f738:   000000070fcd3740 000000070fdc1170
0x000000030d40f748:   000000070fcd3680 000000070fdb7450
0x000000030d40f758:   0000000000000001 000000070fdb7460
0x000000030d40f768:   000000030d40f758 000000012eb27a96
0x000000030d40f778:   000000030d40f7c0 000000012eb28850 

Instructions: (pc=0x00007ff80030f31f)
0x00007ff80030f21f:   4a 08 48 8b 0d 28 4f 8a 41 48 89 4a 10 48 8b 0d
0x00007ff80030f22f:   25 4f 8a 41 48 89 4a 18 48 8b 0d 22 4f 8a 41 48
0x00007ff80030f23f:   89 4a 20 b9 05 00 00 00 48 89 df 48 89 c6 e8 bd
0x00007ff80030f24f:   99 01 00 84 c0 75 23 66 f0 41 81 4e 1c 00 80 48
0x00007ff80030f25f:   8b 05 cb 6c e6 3f 48 8b 00 48 3b 45 e0 75 2c 48
0x00007ff80030f26f:   83 c4 48 5b 41 5e 41 5f 5d c3 31 c0 80 3d 3e 61
0x00007ff80030f27f:   8a 41 00 74 da 0f b6 d0 4c 89 f7 be 02 00 00 00
0x00007ff80030f28f:   e8 02 e3 01 00 eb c8 b0 01 eb e1 e8 17 ed 01 00
0x00007ff80030f29f:   90 90 e9 02 00 00 00 90 90 40 f6 c7 01 75 4e 48
0x00007ff80030f2af:   8b 07 a8 01 74 34 48 b9 00 00 00 00 00 00 00 01
0x00007ff80030f2bf:   48 89 c2 48 c1 ea 37 74 34 48 89 c2 48 01 ca 72
0x00007ff80030f2cf:   12 f0 48 0f b1 17 74 25 a8 01 75 e4 31 f6 e9 58
0x00007ff80030f2df:   cf 01 00 31 f6 e9 e7 82 00 00 48 b9 f8 ff ff ff
0x00007ff80030f2ef:   ff 7f 00 00 48 21 c8 f6 40 1c 01 74 df 48 89 f8
0x00007ff80030f2ff:   c3 48 85 ff 74 76 89 f8 83 e0 01 48 85 c0 75 6c
0x00007ff80030f30f:   48 8b 07 48 b9 f8 ff ff ff ff 7f 00 00 48 21 c1
0x00007ff80030f31f:   48 8b 51 20 f6 c2 04 74 54 a8 01 74 72 48 b9 00
0x00007ff80030f32f:   00 00 00 00 00 80 00 48 ba 00 00 00 00 00 00 00
0x00007ff80030f33f:   01 48 39 c8 72 36 48 89 c6 48 29 d6 72 17 f0 48
0x00007ff80030f34f:   0f b1 37 74 22 a8 01 75 e8 31 f6 ba 01 00 00 00
0x00007ff80030f35f:   e9 66 cb 01 00 48 85 c8 75 3d 48 8b 35 18 4e 8a
0x00007ff80030f36f:   41 ff 25 da 6d e6 3f 48 39 ce 72 ee c3 66 83 79
0x00007ff80030f37f:   1c 00 79 0e 83 e2 02 48 85 d2 74 06 f6 41 28 02
0x00007ff80030f38f:   75 1f 48 8b 35 40 4d 8a 41 ff 25 b2 6d e6 3f f6
0x00007ff80030f39f:   41 1c 01 74 b4 eb d5 be 01 00 00 00 e9 dc a2 00
0x00007ff80030f3af:   00 48 8b 05 01 ff 85 41 ff e0 90 90 90 90 90 90
0x00007ff80030f3bf:   90 90 90 90 90 90 90 90 90 e9 04 00 00 00 90 90
0x00007ff80030f3cf:   90 90 55 48 89 e5 53 50 48 89 fb f6 c3 01 75 21
0x00007ff80030f3df:   48 b8 07 00 00 00 00 00 a0 00 48 23 03 48 83 f8
0x00007ff80030f3ef:   01 75 15 48 89 df 48 83 c4 08 5b 5d e9 8e ec 01
0x00007ff80030f3ff:   00 48 83 c4 08 5b 5d c3 48 89 df e8 11 00 00 00
0x00007ff80030f40f:   eb e1 90 90 90 90 90 90 90 90 90 90 90 90 90 90 


Stack slot to memory mapping:
stack at sp + 0 slots: 0x00007ff8003133aa: _ZN19AutoreleasePoolPage12releaseUntilEPP11objc_object+0xa4 in /usr/lib/libobjc.A.dylib at 0x00007ff800306000
stack at sp + 1 slots: 0xed613bde1bcf00d6 is an unknown value
stack at sp + 2 slots: 0x00007f96f201f000 points into unknown readable memory: 0x4f545541a1a1a1a1 | a1 a1 a1 a1 41 55 54 4f
stack at sp + 3 slots: 0x0 is NULL
stack at sp + 4 slots: 0x000000012eb2a130 is pointing into metadata
stack at sp + 5 slots: 0x00007ff81ab2b084: <offset 0x1a825084> in /usr/lib/libobjc.A.dylib at 0x00007ff800306000
stack at sp + 6 slots: 0x0000600003be7cf0 points into unknown readable memory: 0x011dfff841a2a8e9 | e9 a8 a2 41 f8 ff 1d 01
stack at sp + 7 slots: 0x000000030d40f5e0 is pointing into the stack for thread: 0x00007f96f180a200


---------------  P R O C E S S  ---------------

Threads class SMR info:
_java_thread_list=0x00006000035ea440, length=13, elements={
0x00007f96f180a200, 0x00007f96f080d000, 0x00007f96e08e8c00, 0x00007f96f080e400,
0x00007f96f080d600, 0x00007f96f0819e00, 0x00007f96f081a400, 0x00007f96f1827600,
0x00007f96f182b600, 0x00007f96f201ea00, 0x00007f96f084f000, 0x00007f96f1810000,
0x00007f96f21a5200
}

Java Threads: ( => current thread )
=>0x00007f96f180a200 JavaThread "main" [_thread_in_native, id=7171, stack(0x000000030d310000,0x000000030d410000)]
  0x00007f96f080d000 JavaThread "Reference Handler" daemon [_thread_blocked, id=42823, stack(0x000000030da25000,0x000000030db25000)]
  0x00007f96e08e8c00 JavaThread "Finalizer" daemon [_thread_blocked, id=22787, stack(0x000000030db28000,0x000000030dc28000)]
  0x00007f96f080e400 JavaThread "Signal Dispatcher" daemon [_thread_blocked, id=25091, stack(0x000000030dd3b000,0x000000030de3b000)]
  0x00007f96f080d600 JavaThread "Service Thread" daemon [_thread_blocked, id=40195, stack(0x000000030de3e000,0x000000030df3e000)]
  0x00007f96f0819e00 JavaThread "Monitor Deflation Thread" daemon [_thread_blocked, id=39939, stack(0x000000030df41000,0x000000030e041000)]
  0x00007f96f081a400 JavaThread "C2 CompilerThread0" daemon [_thread_blocked, id=25859, stack(0x000000030e044000,0x000000030e144000)]
  0x00007f96f1827600 JavaThread "C1 CompilerThread0" daemon [_thread_blocked, id=39683, stack(0x000000030e147000,0x000000030e247000)]
  0x00007f96f182b600 JavaThread "Sweeper thread" daemon [_thread_blocked, id=39171, stack(0x000000030e24a000,0x000000030e34a000)]
  0x00007f96f201ea00 JavaThread "Notification Thread" daemon [_thread_blocked, id=26659, stack(0x000000030e34d000,0x000000030e44d000)]
  0x00007f96f084f000 JavaThread "Common-Cleaner" daemon [_thread_blocked, id=27483, stack(0x000000030e553000,0x000000030e653000)]
  0x00007f96f1810000 JavaThread "AppKit Thread" daemon [_thread_in_native, id=259, stack(0x000000030ca8d000,0x000000030d28d000)]
  0x00007f96f21a5200 JavaThread "AWT-Shutdown" [_thread_blocked, id=45931, stack(0x000000030e6df000,0x000000030e7df000)]

Other Threads:
  0x00007f96e070a940 VMThread "VM Thread" [stack: 0x000000030d922000,0x000000030da22000] [id=43267]
  0x00007f96f100ab10 WatcherThread [stack: 0x000000030e450000,0x000000030e550000] [id=26883]
  0x00007f96f11068e0 GCTaskThread "GC Thread#0" [stack: 0x000000030d413000,0x000000030d513000] [id=18179]
  0x00007f96e07042b0 ConcurrentGCThread "G1 Main Marker" [stack: 0x000000030d516000,0x000000030d616000] [id=13571]
  0x00007f96e0704b30 ConcurrentGCThread "G1 Conc#0" [stack: 0x000000030d619000,0x000000030d719000] [id=17411]
  0x00007f96e0707390 ConcurrentGCThread "G1 Refine#0" [stack: 0x000000030d71c000,0x000000030d81c000] [id=16899]
  0x00007f96f1005a60 ConcurrentGCThread "G1 Service" [stack: 0x000000030d81f000,0x000000030d91f000] [id=16387]

Threads with active compile tasks:

VM state: not at safepoint (normal execution)

VM Mutex/Monitor currently owned by a thread: None

Heap address: 0x0000000700000000, size: 4096 MB, Compressed Oops mode: Zero based, Oop shift amount: 3

CDS archive(s) not mapped
Compressed class space mapped at: 0x0000000800000000-0x0000000840000000, reserved size: 1073741824
Narrow klass base: 0x0000000800000000, Narrow klass shift: 0, Narrow klass range: 0x40000000

GC Precious Log:
 CPUs: 8 total, 8 available
 Memory: 16384M
 Large Page Support: Disabled
 NUMA Support: Disabled
 Compressed Oops: Enabled (Zero based)
 Heap Region Size: 2M
 Heap Min Capacity: 8M
 Heap Initial Capacity: 256M
 Heap Max Capacity: 4G
 Pre-touch: Disabled
 Parallel Workers: 8
 Concurrent Workers: 2
 Concurrent Refinement Workers: 8
 Periodic GC: Disabled

Heap:
 garbage-first heap   total 262144K, used 2048K [0x0000000700000000, 0x0000000800000000)
  region size 2048K, 2 young (4096K), 0 survivors (0K)
 Metaspace       used 7842K, committed 8000K, reserved 1056768K
  class space    used 687K, committed 768K, reserved 1048576K

Heap Regions: E=young(eden), S=young(survivor), O=old, HS=humongous(starts), HC=humongous(continues), CS=collection set, F=free, OA=open archive, CA=closed archive, TAMS=top-at-mark-start (previous, next)
|   0|0x0000000700000000, 0x0000000700000000, 0x0000000700200000|  0%| F|  |TAMS 0x0000000700000000, 0x0000000700000000| Untracked 
|   1|0x0000000700200000, 0x0000000700200000, 0x0000000700400000|  0%| F|  |TAMS 0x0000000700200000, 0x0000000700200000| Untracked 
|   2|0x0000000700400000, 0x0000000700400000, 0x0000000700600000|  0%| F|  |TAMS 0x0000000700400000, 0x0000000700400000| Untracked 
|   3|0x0000000700600000, 0x0000000700600000, 0x0000000700800000|  0%| F|  |TAMS 0x0000000700600000, 0x0000000700600000| Untracked 
|   4|0x0000000700800000, 0x0000000700800000, 0x0000000700a00000|  0%| F|  |TAMS 0x0000000700800000, 0x0000000700800000| Untracked 
|   5|0x0000000700a00000, 0x0000000700a00000, 0x0000000700c00000|  0%| F|  |TAMS 0x0000000700a00000, 0x0000000700a00000| Untracked 
|   6|0x0000000700c00000, 0x0000000700c00000, 0x0000000700e00000|  0%| F|  |TAMS 0x0000000700c00000, 0x0000000700c00000| Untracked 
|   7|0x0000000700e00000, 0x0000000700e00000, 0x0000000701000000|  0%| F|  |TAMS 0x0000000700e00000, 0x0000000700e00000| Untracked 
|   8|0x0000000701000000, 0x0000000701000000, 0x0000000701200000|  0%| F|  |TAMS 0x0000000701000000, 0x0000000701000000| Untracked 
|   9|0x0000000701200000, 0x0000000701200000, 0x0000000701400000|  0%| F|  |TAMS 0x0000000701200000, 0x0000000701200000| Untracked 
|  10|0x0000000701400000, 0x0000000701400000, 0x0000000701600000|  0%| F|  |TAMS 0x0000000701400000, 0x0000000701400000| Untracked 
|  11|0x0000000701600000, 0x0000000701600000, 0x0000000701800000|  0%| F|  |TAMS 0x0000000701600000, 0x0000000701600000| Untracked 
|  12|0x0000000701800000, 0x0000000701800000, 0x0000000701a00000|  0%| F|  |TAMS 0x0000000701800000, 0x0000000701800000| Untracked 
|  13|0x0000000701a00000, 0x0000000701a00000, 0x0000000701c00000|  0%| F|  |TAMS 0x0000000701a00000, 0x0000000701a00000| Untracked 
|  14|0x0000000701c00000, 0x0000000701c00000, 0x0000000701e00000|  0%| F|  |TAMS 0x0000000701c00000, 0x0000000701c00000| Untracked 
|  15|0x0000000701e00000, 0x0000000701e00000, 0x0000000702000000|  0%| F|  |TAMS 0x0000000701e00000, 0x0000000701e00000| Untracked 
|  16|0x0000000702000000, 0x0000000702000000, 0x0000000702200000|  0%| F|  |TAMS 0x0000000702000000, 0x0000000702000000| Untracked 
|  17|0x0000000702200000, 0x0000000702200000, 0x0000000702400000|  0%| F|  |TAMS 0x0000000702200000, 0x0000000702200000| Untracked 
|  18|0x0000000702400000, 0x0000000702400000, 0x0000000702600000|  0%| F|  |TAMS 0x0000000702400000, 0x0000000702400000| Untracked 
|  19|0x0000000702600000, 0x0000000702600000, 0x0000000702800000|  0%| F|  |TAMS 0x0000000702600000, 0x0000000702600000| Untracked 
|  20|0x0000000702800000, 0x0000000702800000, 0x0000000702a00000|  0%| F|  |TAMS 0x0000000702800000, 0x0000000702800000| Untracked 
|  21|0x0000000702a00000, 0x0000000702a00000, 0x0000000702c00000|  0%| F|  |TAMS 0x0000000702a00000, 0x0000000702a00000| Untracked 
|  22|0x0000000702c00000, 0x0000000702c00000, 0x0000000702e00000|  0%| F|  |TAMS 0x0000000702c00000, 0x0000000702c00000| Untracked 
|  23|0x0000000702e00000, 0x0000000702e00000, 0x0000000703000000|  0%| F|  |TAMS 0x0000000702e00000, 0x0000000702e00000| Untracked 
|  24|0x0000000703000000, 0x0000000703000000, 0x0000000703200000|  0%| F|  |TAMS 0x0000000703000000, 0x0000000703000000| Untracked 
|  25|0x0000000703200000, 0x0000000703200000, 0x0000000703400000|  0%| F|  |TAMS 0x0000000703200000, 0x0000000703200000| Untracked 
|  26|0x0000000703400000, 0x0000000703400000, 0x0000000703600000|  0%| F|  |TAMS 0x0000000703400000, 0x0000000703400000| Untracked 
|  27|0x0000000703600000, 0x0000000703600000, 0x0000000703800000|  0%| F|  |TAMS 0x0000000703600000, 0x0000000703600000| Untracked 
|  28|0x0000000703800000, 0x0000000703800000, 0x0000000703a00000|  0%| F|  |TAMS 0x0000000703800000, 0x0000000703800000| Untracked 
|  29|0x0000000703a00000, 0x0000000703a00000, 0x0000000703c00000|  0%| F|  |TAMS 0x0000000703a00000, 0x0000000703a00000| Untracked 
|  30|0x0000000703c00000, 0x0000000703c00000, 0x0000000703e00000|  0%| F|  |TAMS 0x0000000703c00000, 0x0000000703c00000| Untracked 
|  31|0x0000000703e00000, 0x0000000703e00000, 0x0000000704000000|  0%| F|  |TAMS 0x0000000703e00000, 0x0000000703e00000| Untracked 
|  32|0x0000000704000000, 0x0000000704000000, 0x0000000704200000|  0%| F|  |TAMS 0x0000000704000000, 0x0000000704000000| Untracked 
|  33|0x0000000704200000, 0x0000000704200000, 0x0000000704400000|  0%| F|  |TAMS 0x0000000704200000, 0x0000000704200000| Untracked 
|  34|0x0000000704400000, 0x0000000704400000, 0x0000000704600000|  0%| F|  |TAMS 0x0000000704400000, 0x0000000704400000| Untracked 
|  35|0x0000000704600000, 0x0000000704600000, 0x0000000704800000|  0%| F|  |TAMS 0x0000000704600000, 0x0000000704600000| Untracked 
|  36|0x0000000704800000, 0x0000000704800000, 0x0000000704a00000|  0%| F|  |TAMS 0x0000000704800000, 0x0000000704800000| Untracked 
|  37|0x0000000704a00000, 0x0000000704a00000, 0x0000000704c00000|  0%| F|  |TAMS 0x0000000704a00000, 0x0000000704a00000| Untracked 
|  38|0x0000000704c00000, 0x0000000704c00000, 0x0000000704e00000|  0%| F|  |TAMS 0x0000000704c00000, 0x0000000704c00000| Untracked 
|  39|0x0000000704e00000, 0x0000000704e00000, 0x0000000705000000|  0%| F|  |TAMS 0x0000000704e00000, 0x0000000704e00000| Untracked 
|  40|0x0000000705000000, 0x0000000705000000, 0x0000000705200000|  0%| F|  |TAMS 0x0000000705000000, 0x0000000705000000| Untracked 
|  41|0x0000000705200000, 0x0000000705200000, 0x0000000705400000|  0%| F|  |TAMS 0x0000000705200000, 0x0000000705200000| Untracked 
|  42|0x0000000705400000, 0x0000000705400000, 0x0000000705600000|  0%| F|  |TAMS 0x0000000705400000, 0x0000000705400000| Untracked 
|  43|0x0000000705600000, 0x0000000705600000, 0x0000000705800000|  0%| F|  |TAMS 0x0000000705600000, 0x0000000705600000| Untracked 
|  44|0x0000000705800000, 0x0000000705800000, 0x0000000705a00000|  0%| F|  |TAMS 0x0000000705800000, 0x0000000705800000| Untracked 
|  45|0x0000000705a00000, 0x0000000705a00000, 0x0000000705c00000|  0%| F|  |TAMS 0x0000000705a00000, 0x0000000705a00000| Untracked 
|  46|0x0000000705c00000, 0x0000000705c00000, 0x0000000705e00000|  0%| F|  |TAMS 0x0000000705c00000, 0x0000000705c00000| Untracked 
|  47|0x0000000705e00000, 0x0000000705e00000, 0x0000000706000000|  0%| F|  |TAMS 0x0000000705e00000, 0x0000000705e00000| Untracked 
|  48|0x0000000706000000, 0x0000000706000000, 0x0000000706200000|  0%| F|  |TAMS 0x0000000706000000, 0x0000000706000000| Untracked 
|  49|0x0000000706200000, 0x0000000706200000, 0x0000000706400000|  0%| F|  |TAMS 0x0000000706200000, 0x0000000706200000| Untracked 
|  50|0x0000000706400000, 0x0000000706400000, 0x0000000706600000|  0%| F|  |TAMS 0x0000000706400000, 0x0000000706400000| Untracked 
|  51|0x0000000706600000, 0x0000000706600000, 0x0000000706800000|  0%| F|  |TAMS 0x0000000706600000, 0x0000000706600000| Untracked 
|  52|0x0000000706800000, 0x0000000706800000, 0x0000000706a00000|  0%| F|  |TAMS 0x0000000706800000, 0x0000000706800000| Untracked 
|  53|0x0000000706a00000, 0x0000000706a00000, 0x0000000706c00000|  0%| F|  |TAMS 0x0000000706a00000, 0x0000000706a00000| Untracked 
|  54|0x0000000706c00000, 0x0000000706c00000, 0x0000000706e00000|  0%| F|  |TAMS 0x0000000706c00000, 0x0000000706c00000| Untracked 
|  55|0x0000000706e00000, 0x0000000706e00000, 0x0000000707000000|  0%| F|  |TAMS 0x0000000706e00000, 0x0000000706e00000| Untracked 
|  56|0x0000000707000000, 0x0000000707000000, 0x0000000707200000|  0%| F|  |TAMS 0x0000000707000000, 0x0000000707000000| Untracked 
|  57|0x0000000707200000, 0x0000000707200000, 0x0000000707400000|  0%| F|  |TAMS 0x0000000707200000, 0x0000000707200000| Untracked 
|  58|0x0000000707400000, 0x0000000707400000, 0x0000000707600000|  0%| F|  |TAMS 0x0000000707400000, 0x0000000707400000| Untracked 
|  59|0x0000000707600000, 0x0000000707600000, 0x0000000707800000|  0%| F|  |TAMS 0x0000000707600000, 0x0000000707600000| Untracked 
|  60|0x0000000707800000, 0x0000000707800000, 0x0000000707a00000|  0%| F|  |TAMS 0x0000000707800000, 0x0000000707800000| Untracked 
|  61|0x0000000707a00000, 0x0000000707a00000, 0x0000000707c00000|  0%| F|  |TAMS 0x0000000707a00000, 0x0000000707a00000| Untracked 
|  62|0x0000000707c00000, 0x0000000707c00000, 0x0000000707e00000|  0%| F|  |TAMS 0x0000000707c00000, 0x0000000707c00000| Untracked 
|  63|0x0000000707e00000, 0x0000000707e00000, 0x0000000708000000|  0%| F|  |TAMS 0x0000000707e00000, 0x0000000707e00000| Untracked 
|  64|0x0000000708000000, 0x0000000708000000, 0x0000000708200000|  0%| F|  |TAMS 0x0000000708000000, 0x0000000708000000| Untracked 
|  65|0x0000000708200000, 0x0000000708200000, 0x0000000708400000|  0%| F|  |TAMS 0x0000000708200000, 0x0000000708200000| Untracked 
|  66|0x0000000708400000, 0x0000000708400000, 0x0000000708600000|  0%| F|  |TAMS 0x0000000708400000, 0x0000000708400000| Untracked 
|  67|0x0000000708600000, 0x0000000708600000, 0x0000000708800000|  0%| F|  |TAMS 0x0000000708600000, 0x0000000708600000| Untracked 
|  68|0x0000000708800000, 0x0000000708800000, 0x0000000708a00000|  0%| F|  |TAMS 0x0000000708800000, 0x0000000708800000| Untracked 
|  69|0x0000000708a00000, 0x0000000708a00000, 0x0000000708c00000|  0%| F|  |TAMS 0x0000000708a00000, 0x0000000708a00000| Untracked 
|  70|0x0000000708c00000, 0x0000000708c00000, 0x0000000708e00000|  0%| F|  |TAMS 0x0000000708c00000, 0x0000000708c00000| Untracked 
|  71|0x0000000708e00000, 0x0000000708e00000, 0x0000000709000000|  0%| F|  |TAMS 0x0000000708e00000, 0x0000000708e00000| Untracked 
|  72|0x0000000709000000, 0x0000000709000000, 0x0000000709200000|  0%| F|  |TAMS 0x0000000709000000, 0x0000000709000000| Untracked 
|  73|0x0000000709200000, 0x0000000709200000, 0x0000000709400000|  0%| F|  |TAMS 0x0000000709200000, 0x0000000709200000| Untracked 
|  74|0x0000000709400000, 0x0000000709400000, 0x0000000709600000|  0%| F|  |TAMS 0x0000000709400000, 0x0000000709400000| Untracked 
|  75|0x0000000709600000, 0x0000000709600000, 0x0000000709800000|  0%| F|  |TAMS 0x0000000709600000, 0x0000000709600000| Untracked 
|  76|0x0000000709800000, 0x0000000709800000, 0x0000000709a00000|  0%| F|  |TAMS 0x0000000709800000, 0x0000000709800000| Untracked 
|  77|0x0000000709a00000, 0x0000000709a00000, 0x0000000709c00000|  0%| F|  |TAMS 0x0000000709a00000, 0x0000000709a00000| Untracked 
|  78|0x0000000709c00000, 0x0000000709c00000, 0x0000000709e00000|  0%| F|  |TAMS 0x0000000709c00000, 0x0000000709c00000| Untracked 
|  79|0x0000000709e00000, 0x0000000709e00000, 0x000000070a000000|  0%| F|  |TAMS 0x0000000709e00000, 0x0000000709e00000| Untracked 
|  80|0x000000070a000000, 0x000000070a000000, 0x000000070a200000|  0%| F|  |TAMS 0x000000070a000000, 0x000000070a000000| Untracked 
|  81|0x000000070a200000, 0x000000070a200000, 0x000000070a400000|  0%| F|  |TAMS 0x000000070a200000, 0x000000070a200000| Untracked 
|  82|0x000000070a400000, 0x000000070a400000, 0x000000070a600000|  0%| F|  |TAMS 0x000000070a400000, 0x000000070a400000| Untracked 
|  83|0x000000070a600000, 0x000000070a600000, 0x000000070a800000|  0%| F|  |TAMS 0x000000070a600000, 0x000000070a600000| Untracked 
|  84|0x000000070a800000, 0x000000070a800000, 0x000000070aa00000|  0%| F|  |TAMS 0x000000070a800000, 0x000000070a800000| Untracked 
|  85|0x000000070aa00000, 0x000000070aa00000, 0x000000070ac00000|  0%| F|  |TAMS 0x000000070aa00000, 0x000000070aa00000| Untracked 
|  86|0x000000070ac00000, 0x000000070ac00000, 0x000000070ae00000|  0%| F|  |TAMS 0x000000070ac00000, 0x000000070ac00000| Untracked 
|  87|0x000000070ae00000, 0x000000070ae00000, 0x000000070b000000|  0%| F|  |TAMS 0x000000070ae00000, 0x000000070ae00000| Untracked 
|  88|0x000000070b000000, 0x000000070b000000, 0x000000070b200000|  0%| F|  |TAMS 0x000000070b000000, 0x000000070b000000| Untracked 
|  89|0x000000070b200000, 0x000000070b200000, 0x000000070b400000|  0%| F|  |TAMS 0x000000070b200000, 0x000000070b200000| Untracked 
|  90|0x000000070b400000, 0x000000070b400000, 0x000000070b600000|  0%| F|  |TAMS 0x000000070b400000, 0x000000070b400000| Untracked 
|  91|0x000000070b600000, 0x000000070b600000, 0x000000070b800000|  0%| F|  |TAMS 0x000000070b600000, 0x000000070b600000| Untracked 
|  92|0x000000070b800000, 0x000000070b800000, 0x000000070ba00000|  0%| F|  |TAMS 0x000000070b800000, 0x000000070b800000| Untracked 
|  93|0x000000070ba00000, 0x000000070ba00000, 0x000000070bc00000|  0%| F|  |TAMS 0x000000070ba00000, 0x000000070ba00000| Untracked 
|  94|0x000000070bc00000, 0x000000070bc00000, 0x000000070be00000|  0%| F|  |TAMS 0x000000070bc00000, 0x000000070bc00000| Untracked 
|  95|0x000000070be00000, 0x000000070be00000, 0x000000070c000000|  0%| F|  |TAMS 0x000000070be00000, 0x000000070be00000| Untracked 
|  96|0x000000070c000000, 0x000000070c000000, 0x000000070c200000|  0%| F|  |TAMS 0x000000070c000000, 0x000000070c000000| Untracked 
|  97|0x000000070c200000, 0x000000070c200000, 0x000000070c400000|  0%| F|  |TAMS 0x000000070c200000, 0x000000070c200000| Untracked 
|  98|0x000000070c400000, 0x000000070c400000, 0x000000070c600000|  0%| F|  |TAMS 0x000000070c400000, 0x000000070c400000| Untracked 
|  99|0x000000070c600000, 0x000000070c600000, 0x000000070c800000|  0%| F|  |TAMS 0x000000070c600000, 0x000000070c600000| Untracked 
| 100|0x000000070c800000, 0x000000070c800000, 0x000000070ca00000|  0%| F|  |TAMS 0x000000070c800000, 0x000000070c800000| Untracked 
| 101|0x000000070ca00000, 0x000000070ca00000, 0x000000070cc00000|  0%| F|  |TAMS 0x000000070ca00000, 0x000000070ca00000| Untracked 
| 102|0x000000070cc00000, 0x000000070cc00000, 0x000000070ce00000|  0%| F|  |TAMS 0x000000070cc00000, 0x000000070cc00000| Untracked 
| 103|0x000000070ce00000, 0x000000070ce00000, 0x000000070d000000|  0%| F|  |TAMS 0x000000070ce00000, 0x000000070ce00000| Untracked 
| 104|0x000000070d000000, 0x000000070d000000, 0x000000070d200000|  0%| F|  |TAMS 0x000000070d000000, 0x000000070d000000| Untracked 
| 105|0x000000070d200000, 0x000000070d200000, 0x000000070d400000|  0%| F|  |TAMS 0x000000070d200000, 0x000000070d200000| Untracked 
| 106|0x000000070d400000, 0x000000070d400000, 0x000000070d600000|  0%| F|  |TAMS 0x000000070d400000, 0x000000070d400000| Untracked 
| 107|0x000000070d600000, 0x000000070d600000, 0x000000070d800000|  0%| F|  |TAMS 0x000000070d600000, 0x000000070d600000| Untracked 
| 108|0x000000070d800000, 0x000000070d800000, 0x000000070da00000|  0%| F|  |TAMS 0x000000070d800000, 0x000000070d800000| Untracked 
| 109|0x000000070da00000, 0x000000070da00000, 0x000000070dc00000|  0%| F|  |TAMS 0x000000070da00000, 0x000000070da00000| Untracked 
| 110|0x000000070dc00000, 0x000000070dc00000, 0x000000070de00000|  0%| F|  |TAMS 0x000000070dc00000, 0x000000070dc00000| Untracked 
| 111|0x000000070de00000, 0x000000070de00000, 0x000000070e000000|  0%| F|  |TAMS 0x000000070de00000, 0x000000070de00000| Untracked 
| 112|0x000000070e000000, 0x000000070e000000, 0x000000070e200000|  0%| F|  |TAMS 0x000000070e000000, 0x000000070e000000| Untracked 
| 113|0x000000070e200000, 0x000000070e200000, 0x000000070e400000|  0%| F|  |TAMS 0x000000070e200000, 0x000000070e200000| Untracked 
| 114|0x000000070e400000, 0x000000070e400000, 0x000000070e600000|  0%| F|  |TAMS 0x000000070e400000, 0x000000070e400000| Untracked 
| 115|0x000000070e600000, 0x000000070e600000, 0x000000070e800000|  0%| F|  |TAMS 0x000000070e600000, 0x000000070e600000| Untracked 
| 116|0x000000070e800000, 0x000000070e800000, 0x000000070ea00000|  0%| F|  |TAMS 0x000000070e800000, 0x000000070e800000| Untracked 
| 117|0x000000070ea00000, 0x000000070ea00000, 0x000000070ec00000|  0%| F|  |TAMS 0x000000070ea00000, 0x000000070ea00000| Untracked 
| 118|0x000000070ec00000, 0x000000070ec00000, 0x000000070ee00000|  0%| F|  |TAMS 0x000000070ec00000, 0x000000070ec00000| Untracked 
| 119|0x000000070ee00000, 0x000000070ee00000, 0x000000070f000000|  0%| F|  |TAMS 0x000000070ee00000, 0x000000070ee00000| Untracked 
| 120|0x000000070f000000, 0x000000070f000000, 0x000000070f200000|  0%| F|  |TAMS 0x000000070f000000, 0x000000070f000000| Untracked 
| 121|0x000000070f200000, 0x000000070f200000, 0x000000070f400000|  0%| F|  |TAMS 0x000000070f200000, 0x000000070f200000| Untracked 
| 122|0x000000070f400000, 0x000000070f400000, 0x000000070f600000|  0%| F|  |TAMS 0x000000070f400000, 0x000000070f400000| Untracked 
| 123|0x000000070f600000, 0x000000070f600000, 0x000000070f800000|  0%| F|  |TAMS 0x000000070f600000, 0x000000070f600000| Untracked 
| 124|0x000000070f800000, 0x000000070f800000, 0x000000070fa00000|  0%| F|  |TAMS 0x000000070f800000, 0x000000070f800000| Untracked 
| 125|0x000000070fa00000, 0x000000070fa00000, 0x000000070fc00000|  0%| F|  |TAMS 0x000000070fa00000, 0x000000070fa00000| Untracked 
| 126|0x000000070fc00000, 0x000000070fdc34b8, 0x000000070fe00000| 88%| E|  |TAMS 0x000000070fc00000, 0x000000070fc00000| Complete 
| 127|0x000000070fe00000, 0x0000000710000000, 0x0000000710000000|100%| E|CS|TAMS 0x000000070fe00000, 0x000000070fe00000| Complete 

Card table byte_map: [0x0000000123154000,0x0000000123954000] _byte_map_base: 0x000000011f954000

Marking Bits (Prev, Next): (CMBitMap*) 0x00007f96e0808210, (CMBitMap*) 0x00007f96e0808250
 Prev Bits: [0x0000000124154000, 0x0000000128154000)
 Next Bits: [0x0000000128154000, 0x000000012c154000)

Polling page: 0x00000001048b0000

Metaspace:

Usage:
  Non-class:      6.99 MB used.
      Class:    687.25 KB used.
       Both:      7.66 MB used.

Virtual space:
  Non-class space:        8.00 MB reserved,       7.06 MB ( 88%) committed,  1 nodes.
      Class space:        1.00 GB reserved,     768.00 KB ( <1%) committed,  1 nodes.
             Both:        1.01 GB reserved,       7.81 MB ( <1%) committed. 

Chunk freelists:
   Non-Class:  832.00 KB
       Class:  3.22 MB
        Both:  4.03 MB

MaxMetaspaceSize: unlimited
CompressedClassSpaceSize: 1.00 GB
Initial GC threshold: 21.00 MB
Current GC threshold: 21.00 MB
CDS: off
MetaspaceReclaimPolicy: balanced
 - commit_granule_bytes: 65536.
 - commit_granule_words: 8192.
 - virtual_space_node_default_size: 1048576.
 - enlarge_chunks_in_place: 1.
 - new_chunks_are_fully_committed: 0.
 - uncommit_free_chunks: 1.
 - use_allocation_guard: 0.
 - handle_deallocations: 1.


Internal statistics:

num_allocs_failed_limit: 0.
num_arena_births: 46.
num_arena_deaths: 0.
num_vsnodes_births: 2.
num_vsnodes_deaths: 0.
num_space_committed: 125.
num_space_uncommitted: 0.
num_chunks_returned_to_freelist: 0.
num_chunks_taken_from_freelist: 84.
num_chunk_merges: 0.
num_chunk_splits: 48.
num_chunks_enlarged: 27.
num_purges: 0.
num_inconsistent_stats: 0.

CodeHeap 'non-profiled nmethods': size=120028Kb used=106Kb max_used=106Kb free=119921Kb
 bounds [0x000000011bc1d000, 0x000000011be8d000, 0x0000000123154000]
CodeHeap 'profiled nmethods': size=120028Kb used=439Kb max_used=439Kb free=119588Kb
 bounds [0x00000001146e6000, 0x0000000114956000, 0x000000011bc1d000]
CodeHeap 'non-nmethods': size=5704Kb used=1106Kb max_used=1120Kb free=4597Kb
 bounds [0x0000000114154000, 0x00000001143c4000, 0x00000001146e6000]
 total_blobs=735 nmethods=346 adapters=304
 compilation: enabled
              stopped_count=0, restarted_count=0
 full_count=0

Compilation events (20 events):
Event: 0.512 Thread 0x00007f96f1827600  338       1       java.lang.reflect.Method::getName (5 bytes)
Event: 0.512 Thread 0x00007f96f1827600 nmethod 338 0x000000011bc36e10 code [0x000000011bc36fa0, 0x000000011bc37070]
Event: 0.512 Thread 0x00007f96f1827600  339       1       java.net.URL::getUserInfo (5 bytes)
Event: 0.512 Thread 0x00007f96f1827600 nmethod 339 0x000000011bc37110 code [0x000000011bc372a0, 0x000000011bc37370]
Event: 0.514 Thread 0x00007f96f1827600  340       3       java.lang.Short::<init> (10 bytes)
Event: 0.515 Thread 0x00007f96f1827600 nmethod 340 0x0000000114751b10 code [0x0000000114751cc0, 0x0000000114751e90]
Event: 0.516 Thread 0x00007f96f1827600  341       3       java.lang.Integer::valueOf (32 bytes)
Event: 0.517 Thread 0x00007f96f1827600 nmethod 341 0x0000000114751f90 code [0x0000000114752160, 0x0000000114752470]
Event: 0.517 Thread 0x00007f96f1827600  342       3       java.nio.Buffer::remaining (20 bytes)
Event: 0.517 Thread 0x00007f96f1827600 nmethod 342 0x0000000114752590 code [0x0000000114752740, 0x00000001147528d0]
Event: 0.517 Thread 0x00007f96f1827600  343       3       java.lang.StringLatin1::regionMatchesCI (98 bytes)
Event: 0.518 Thread 0x00007f96f1827600 nmethod 343 0x0000000114752990 code [0x0000000114752be0, 0x0000000114753350]
Event: 0.518 Thread 0x00007f96f1827600  344       3       java.util.zip.Inflater::ensureOpen (47 bytes)
Event: 0.518 Thread 0x00007f96f1827600 nmethod 344 0x0000000114753690 code [0x0000000114753840, 0x0000000114753aa0]
Event: 0.518 Thread 0x00007f96f1827600  345       3       java.util.zip.ZipFile$Source::getEntryHash (7 bytes)
Event: 0.518 Thread 0x00007f96f1827600 nmethod 345 0x0000000114753b90 code [0x0000000114753d20, 0x0000000114753e50]
Event: 0.518 Thread 0x00007f96f1827600  346       1       java.security.CodeSource::getLocation (5 bytes)
Event: 0.518 Thread 0x00007f96f1827600 nmethod 346 0x000000011bc37410 code [0x000000011bc375a0, 0x000000011bc37670]
Event: 0.520 Thread 0x00007f96f081a400  347       4       java.util.concurrent.ConcurrentHashMap::tabAt (22 bytes)
Event: 0.523 Thread 0x00007f96f081a400 nmethod 347 0x000000011bc37710 code [0x000000011bc37880, 0x000000011bc378f8]

GC Heap History (0 events):
No events

Deoptimization events (0 events):
No events

Classes unloaded (0 events):
No events

Classes redefined (0 events):
No events

Internal exceptions (5 events):
Event: 0.167 Thread 0x00007f96f180a200 Exception <a 'java/lang/ClassNotFoundException'{0x000000070fffdb50}: sun/awt/resources/spi/awtProvider> (0x000000070fffdb50) 
thrown [src/hotspot/share/classfile/systemDictionary.cpp, line 256]
Event: 0.212 Thread 0x00007f96f180a200 Exception <a 'java/io/FileNotFoundException'{0x000000070fc5ae18}> (0x000000070fc5ae18) 
thrown [src/hotspot/share/prims/jni.cpp, line 516]
Event: 0.238 Thread 0x00007f96f180a200 Exception <a 'java/io/FileNotFoundException'{0x000000070fc87f48}> (0x000000070fc87f48) 
thrown [src/hotspot/share/prims/jni.cpp, line 516]
Event: 0.239 Thread 0x00007f96f180a200 Exception <a 'java/lang/NoSuchMethodError'{0x000000070fc89638}: 'java.lang.Object java.lang.invoke.DirectMethodHandle$Holder.invokeStaticInit(java.lang.Object)'> (0x000000070fc89638) 
thrown [src/hotspot/share/interpreter/linkResolver.cpp, line 766]
Event: 0.246 Thread 0x00007f96f180a200 Exception <a 'java/lang/ClassNotFoundException'{0x000000070fc93978}: sun/awt/resources/spi/awtosxProvider> (0x000000070fc93978) 
thrown [src/hotspot/share/classfile/systemDictionary.cpp, line 256]

VM Operations (2 events):
Event: 0.119 Executing VM operation: HandshakeAllThreads
Event: 0.119 Executing VM operation: HandshakeAllThreads done

Events (20 events):
Event: 0.501 loading class java/awt/image/WritableRenderedImage done
Event: 0.501 loading class java/awt/Transparency
Event: 0.501 loading class java/awt/Transparency done
Event: 0.501 loading class java/awt/image/BufferedImage done
Event: 0.501 loading class java/awt/IllegalComponentStateException
Event: 0.501 loading class java/awt/IllegalComponentStateException done
Event: 0.501 loading class java/awt/GraphicsConfiguration
Event: 0.501 loading class java/awt/GraphicsConfiguration done
Event: 0.501 loading class java/awt/Point
Event: 0.501 loading class java/awt/geom/Point2D
Event: 0.501 loading class java/awt/geom/Point2D done
Event: 0.501 loading class java/awt/Point done
Event: 0.503 loading class java/util/LinkedHashSet
Event: 0.503 loading class java/util/LinkedHashSet done
Event: 0.504 loading class jdk/internal/reflect/UnsafeQualifiedStaticIntegerFieldAccessorImpl
Event: 0.505 loading class jdk/internal/reflect/UnsafeQualifiedStaticIntegerFieldAccessorImpl done
Event: 0.514 loading class java/lang/Short$ShortCache
Event: 0.514 loading class java/lang/Short$ShortCache done
Event: 0.518 loading class java/lang/NumberFormatException
Event: 0.518 loading class java/lang/NumberFormatException done


Dynamic libraries:
0x000000010cee1000 	/Users/grzegorzjaskula/.p2/pool/plugins/org.eclipse.justj.openjdk.hotspot.jre.full.macosx.x86_64_17.0.3.v20220515-1416/jre/lib/libjli.dylib
0x00007ff80b581000 	/usr/lib/libz.1.dylib
0x00007ff80b667000 	/usr/lib/libSystem.B.dylib
0x00007ff80b662000 	/usr/lib/system/libcache.dylib
0x00007ff80b61e000 	/usr/lib/system/libcommonCrypto.dylib
0x00007ff80b647000 	/usr/lib/system/libcompiler_rt.dylib
0x00007ff80b63d000 	/usr/lib/system/libcopyfile.dylib
0x00007ff800201000 	/usr/lib/system/libcorecrypto.dylib
0x00007ff8002bf000 	/usr/lib/system/libdispatch.dylib
0x00007ff80047f000 	/usr/lib/system/libdyld.dylib
0x00007ff80b659000 	/usr/lib/system/libkeymgr.dylib
0x00007ff80b5fc000 	/usr/lib/system/libmacho.dylib
0x00007ff80ac77000 	/usr/lib/system/libquarantine.dylib
0x00007ff80b657000 	/usr/lib/system/libremovefile.dylib
0x00007ff80534a000 	/usr/lib/system/libsystem_asl.dylib
0x00007ff8001aa000 	/usr/lib/system/libsystem_blocks.dylib
0x00007ff800343000 	/usr/lib/system/libsystem_c.dylib
0x00007ff80b64f000 	/usr/lib/system/libsystem_collections.dylib
0x00007ff809fa9000 	/usr/lib/system/libsystem_configuration.dylib
0x00007ff809252000 	/usr/lib/system/libsystem_containermanager.dylib
0x00007ff80b32e000 	/usr/lib/system/libsystem_coreservices.dylib
0x00007ff8029eb000 	/usr/lib/system/libsystem_darwin.dylib
0x00007ff80b65a000 	/usr/lib/system/libsystem_dnssd.dylib
0x00007ff800340000 	/usr/lib/system/libsystem_featureflags.dylib
0x00007ff800495000 	/usr/lib/system/libsystem_info.dylib
0x00007ff80b594000 	/usr/lib/system/libsystem_m.dylib
0x00007ff800293000 	/usr/lib/system/libsystem_malloc.dylib
0x00007ff8052e5000 	/usr/lib/system/libsystem_networkextension.dylib
0x00007ff802e11000 	/usr/lib/system/libsystem_notify.dylib
0x00007ff811993000 	/usr/lib/system/libsystem_product_info_filter.dylib
0x00007ff809fad000 	/usr/lib/system/libsystem_sandbox.dylib
0x00007ff80b654000 	/usr/lib/system/libsystem_secinit.dylib
0x00007ff80043b000 	/usr/lib/system/libsystem_kernel.dylib
0x00007ff80048b000 	/usr/lib/system/libsystem_platform.dylib
0x00007ff800473000 	/usr/lib/system/libsystem_pthread.dylib
0x00007ff806c07000 	/usr/lib/system/libsystem_symptoms.dylib
0x00007ff8001e8000 	/usr/lib/system/libsystem_trace.dylib
0x00007ff80b62a000 	/usr/lib/system/libunwind.dylib
0x00007ff8001ac000 	/usr/lib/system/libxpc.dylib
0x00007ff800425000 	/usr/lib/libc++abi.dylib
0x00007ff800306000 	/usr/lib/libobjc.A.dylib
0x00007ff80b635000 	/usr/lib/liboah.dylib
0x00007ff8003cc000 	/usr/lib/libc++.1.dylib
0x00007ff817794000 	/System/Library/Frameworks/Cocoa.framework/Versions/A/Cocoa
0x00007ff802e6f000 	/System/Library/Frameworks/AppKit.framework/Versions/C/AppKit
0x00007ff8063e4000 	/System/Library/Frameworks/CoreData.framework/Versions/A/CoreData
0x00007ff801272000 	/System/Library/Frameworks/Foundation.framework/Versions/C/Foundation
0x00007ff803cff000 	/System/Library/PrivateFrameworks/UIFoundation.framework/Versions/A/UIFoundation
0x00007ff811696000 	/System/Library/PrivateFrameworks/RemoteViewServices.framework/Versions/A/RemoteViewServices
0x00007ff809933000 	/System/Library/PrivateFrameworks/XCTTargetBootstrap.framework/Versions/A/XCTTargetBootstrap
0x00007ff80d52c000 	/System/Library/PrivateFrameworks/InternationalSupport.framework/Versions/A/InternationalSupport
0x00007ff80d5b6000 	/System/Library/PrivateFrameworks/UserActivity.framework/Versions/A/UserActivity
0x00007ff80c910000 	/usr/lib/libspindump.dylib
0x00007ff803f8e000 	/System/Library/Frameworks/UniformTypeIdentifiers.framework/Versions/A/UniformTypeIdentifiers
0x00007ff808057000 	/usr/lib/libapp_launch_measurement.dylib
0x00007ff806dc7000 	/System/Library/PrivateFrameworks/CoreAnalytics.framework/Versions/A/CoreAnalytics
0x00007ff80805a000 	/System/Library/PrivateFrameworks/CoreAutoLayout.framework/Versions/A/CoreAutoLayout
0x00007ff80928a000 	/System/Library/Frameworks/Metal.framework/Versions/A/Metal
0x00007ff809fb9000 	/usr/lib/liblangid.dylib
0x00007ff809938000 	/System/Library/PrivateFrameworks/CoreSVG.framework/Versions/A/CoreSVG
0x00007ff80537a000 	/System/Library/PrivateFrameworks/SkyLight.framework/Versions/A/SkyLight
0x00007ff805719000 	/System/Library/Frameworks/CoreGraphics.framework/Versions/A/CoreGraphics
0x00007ff811d56000 	/System/Library/Frameworks/Accelerate.framework/Versions/A/Accelerate
0x00007ff80c38f000 	/System/Library/PrivateFrameworks/IconServices.framework/Versions/A/IconServices
0x00007ff80926f000 	/System/Library/Frameworks/IOSurface.framework/Versions/A/IOSurface
0x00007ff806df5000 	/usr/lib/libDiagnosticMessagesClient.dylib
0x00007ff815438000 	/System/Library/Frameworks/ApplicationServices.framework/Versions/A/ApplicationServices
0x00007ff80991f000 	/System/Library/PrivateFrameworks/DFRFoundation.framework/Versions/A/DFRFoundation
0x00007ff802757000 	/usr/lib/libicucore.A.dylib
0x00007ff80e322000 	/System/Library/Frameworks/AudioToolbox.framework/Versions/A/AudioToolbox
0x00007ff80d538000 	/System/Library/PrivateFrameworks/DataDetectorsCore.framework/Versions/A/DataDetectorsCore
0x00007ff909799000 	/System/Library/PrivateFrameworks/TextInput.framework/Versions/A/TextInput
0x00007ff8052fd000 	/usr/lib/libMobileGestalt.dylib
0x00007ff80962b000 	/System/Library/Frameworks/Carbon.framework/Versions/A/Frameworks/HIToolbox.framework/Versions/A/HIToolbox
0x00007ff807a5a000 	/System/Library/Frameworks/QuartzCore.framework/Versions/A/QuartzCore
0x00007ff8023fc000 	/System/Library/Frameworks/Security.framework/Versions/A/Security
0x00007ff8116ce000 	/System/Library/Frameworks/Carbon.framework/Versions/A/Frameworks/SpeechRecognition.framework/Versions/A/SpeechRecognition
0x00007ff807db7000 	/System/Library/PrivateFrameworks/CoreUI.framework/Versions/A/CoreUI
0x00007ff801cc6000 	/System/Library/Frameworks/CoreAudio.framework/Versions/A/CoreAudio
0x00007ff806ee4000 	/System/Library/Frameworks/DiskArbitration.framework/Versions/A/DiskArbitration
0x00007ff80ccfc000 	/System/Library/PrivateFrameworks/MultitouchSupport.framework/Versions/A/MultitouchSupport
0x00007ff8052fc000 	/usr/lib/libenergytrace.dylib
0x00007ff802d5b000 	/System/Library/Frameworks/IOKit.framework/Versions/A/IOKit
0x00007ff811abe000 	/System/Library/Frameworks/CoreServices.framework/Versions/A/CoreServices
0x00007ff807ff1000 	/System/Library/PrivateFrameworks/PerformanceAnalysis.framework/Versions/A/PerformanceAnalysis
0x00007ffa19275000 	/System/Library/Frameworks/OpenGL.framework/Versions/A/OpenGL
0x00007ff80ab9d000 	/System/Library/PrivateFrameworks/MobileKeyBag.framework/Versions/A/MobileKeyBag
0x00007ff805e43000 	/System/Library/Frameworks/ColorSync.framework/Versions/A/ColorSync
0x00007ff8004c0000 	/System/Library/Frameworks/CoreFoundation.framework/Versions/A/CoreFoundation
0x00007ff809baf000 	/System/Library/Frameworks/CoreImage.framework/Versions/A/CoreImage
0x00007ff801ada000 	/System/Library/Frameworks/CoreText.framework/Versions/A/CoreText
0x00007ff809968000 	/System/Library/Frameworks/ImageIO.framework/Versions/A/ImageIO
0x00007ff80b66d000 	/System/Library/PrivateFrameworks/SoftLinking.framework/Versions/A/SoftLinking
0x00007ff8080a2000 	/usr/lib/libxml2.2.dylib
0x00007ff80b8ee000 	/usr/lib/libcompression.dylib
0x00007ff80d45f000 	/System/Library/PrivateFrameworks/TextureIO.framework/Versions/A/TextureIO
0x00007ff80c008000 	/usr/lib/libate.dylib
0x00007ff80bdc6000 	/usr/lib/liblzma.5.dylib
0x00007ff800f84000 	/System/Library/Frameworks/SystemConfiguration.framework/Versions/A/SystemConfiguration
0x00007ff80b669000 	/usr/lib/libfakelink.dylib
0x00007ff804e55000 	/System/Library/Frameworks/CFNetwork.framework/Versions/A/CFNetwork
0x00007ff80b7aa000 	/usr/lib/libarchive.2.dylib
0x00007ff809fb5000 	/System/Library/PrivateFrameworks/AppleSystemInfo.framework/Versions/A/AppleSystemInfo
0x00007ff80ac9e000 	/usr/lib/libbsm.0.dylib
0x00007ff804464000 	/usr/lib/libnetwork.dylib
0x00007ff80b602000 	/usr/lib/system/libkxld.dylib
0x00007ff80a8d1000 	/System/Library/PrivateFrameworks/IOMobileFramebuffer.framework/Versions/A/IOMobileFramebuffer
0x00007ffb18c2f000 	/usr/lib/libCoreEntitlements.dylib
0x00007ff80b310000 	/System/Library/PrivateFrameworks/AppleFSCompression.framework/Versions/A/AppleFSCompression
0x00007ff80ac86000 	/usr/lib/libcoretls.dylib
0x00007ff80bde0000 	/usr/lib/libcoretls_cfhelpers.dylib
0x00007ff80b8e9000 	/usr/lib/libpam.2.dylib
0x00007ff806829000 	/usr/lib/libsqlite3.dylib
0x00007ff80be4f000 	/usr/lib/libxar.1.dylib
0x00007ff80b320000 	/usr/lib/libbz2.1.0.dylib
0x00007ff80b66e000 	/usr/lib/libpcap.A.dylib
0x00007ff806bff000 	/usr/lib/libdns_services.dylib
0x00007ff80b8bc000 	/usr/lib/libapple_nghttp2.dylib
0x00007ff80b6a8000 	/usr/lib/libiconv.2.dylib
0x00007ff80b5fb000 	/usr/lib/libcharset.1.dylib
0x00007ff808025000 	/System/Library/Frameworks/CoreServices.framework/Versions/A/Frameworks/FSEvents.framework/Versions/A/FSEvents
0x00007ff8029f5000 	/System/Library/Frameworks/CoreServices.framework/Versions/A/Frameworks/CarbonCore.framework/Versions/A/CarbonCore
0x00007ff806e48000 	/System/Library/Frameworks/CoreServices.framework/Versions/A/Frameworks/Metadata.framework/Versions/A/Metadata
0x00007ff80b333000 	/System/Library/Frameworks/CoreServices.framework/Versions/A/Frameworks/OSServices.framework/Versions/A/OSServices
0x00007ff80b831000 	/System/Library/Frameworks/CoreServices.framework/Versions/A/Frameworks/SearchKit.framework/Versions/A/SearchKit
0x00007ff806b91000 	/System/Library/Frameworks/CoreServices.framework/Versions/A/Frameworks/AE.framework/Versions/A/AE
0x00007ff8009c1000 	/System/Library/Frameworks/CoreServices.framework/Versions/A/Frameworks/LaunchServices.framework/Versions/A/LaunchServices
0x00007ff80bd77000 	/System/Library/Frameworks/CoreServices.framework/Versions/A/Frameworks/DictionaryServices.framework/Versions/A/DictionaryServices
0x00007ff808032000 	/System/Library/Frameworks/CoreServices.framework/Versions/A/Frameworks/SharedFileList.framework/Versions/A/SharedFileList
0x00007ff80ac7a000 	/usr/lib/libCheckFix.dylib
0x00007ff805361000 	/System/Library/PrivateFrameworks/TCC.framework/Versions/A/TCC
0x00007ff809fbb000 	/System/Library/PrivateFrameworks/CoreNLP.framework/Versions/A/CoreNLP
0x00007ff806df8000 	/System/Library/PrivateFrameworks/MetadataUtilities.framework/Versions/A/MetadataUtilities
0x00007ff801035000 	/usr/lib/libmecabra.dylib
0x00007ff80acae000 	/usr/lib/libmecab.dylib
0x00007ff801000000 	/usr/lib/libCRFSuite.dylib
0x00007ff80ad08000 	/usr/lib/libgermantok.dylib
0x00007ff80b897000 	/usr/lib/libThaiTokenizer.dylib
0x00007ff806eeb000 	/System/Library/Frameworks/Accelerate.framework/Versions/A/Frameworks/vImage.framework/Versions/A/vImage
0x00007ff811a95000 	/System/Library/Frameworks/Accelerate.framework/Versions/A/Frameworks/vecLib.framework/Versions/A/vecLib
0x00007ff80be90000 	/System/Library/Frameworks/Accelerate.framework/Versions/A/Frameworks/vecLib.framework/Versions/A/libvMisc.dylib
0x00007ff80a6d0000 	/System/Library/Frameworks/Accelerate.framework/Versions/A/Frameworks/vecLib.framework/Versions/A/libvDSP.dylib
0x00007ff800d3c000 	/System/Library/Frameworks/Accelerate.framework/Versions/A/Frameworks/vecLib.framework/Versions/A/libBLAS.dylib
0x00007ff80b9cc000 	/System/Library/Frameworks/Accelerate.framework/Versions/A/Frameworks/vecLib.framework/Versions/A/libLAPACK.dylib
0x00007ff80ad0b000 	/System/Library/Frameworks/Accelerate.framework/Versions/A/Frameworks/vecLib.framework/Versions/A/libLinearAlgebra.dylib
0x00007ff80b8d4000 	/System/Library/Frameworks/Accelerate.framework/Versions/A/Frameworks/vecLib.framework/Versions/A/libSparseBLAS.dylib
0x00007ff80b9c6000 	/System/Library/Frameworks/Accelerate.framework/Versions/A/Frameworks/vecLib.framework/Versions/A/libQuadrature.dylib
0x00007ff80a0a6000 	/System/Library/Frameworks/Accelerate.framework/Versions/A/Frameworks/vecLib.framework/Versions/A/libBNNS.dylib
0x00007ff800f0e000 	/System/Library/Frameworks/Accelerate.framework/Versions/A/Frameworks/vecLib.framework/Versions/A/libSparse.dylib
0x00007ff80a09f000 	/System/Library/PrivateFrameworks/LinguisticData.framework/Versions/A/LinguisticData
0x00007ff800ec4000 	/System/Library/PrivateFrameworks/Lexicon.framework/Versions/A/Lexicon
0x00007ff80be89000 	/usr/lib/libChineseTokenizer.dylib
0x00007ff80162f000 	/System/Library/PrivateFrameworks/LanguageModeling.framework/Versions/A/LanguageModeling
0x00007ff80b899000 	/System/Library/PrivateFrameworks/AppleSauce.framework/Versions/A/AppleSauce
0x00007ff80a8bf000 	/System/Library/PrivateFrameworks/CoreEmoji.framework/Versions/A/CoreEmoji
0x00007ff80b799000 	/usr/lib/libcmph.dylib
0x00007ff808009000 	/System/Library/Frameworks/OpenDirectory.framework/Versions/A/Frameworks/CFOpenDirectory.framework/Versions/A/CFOpenDirectory
0x00007ff807ffd000 	/System/Library/Frameworks/OpenDirectory.framework/Versions/A/OpenDirectory
0x00007ff80bde2000 	/System/Library/PrivateFrameworks/APFS.framework/Versions/A/APFS
0x00007ff80abd5000 	/System/Library/Frameworks/SecurityFoundation.framework/Versions/A/SecurityFoundation
0x00007ff80be5d000 	/usr/lib/libutil.dylib
0x00007ff802d1f000 	/System/Library/PrivateFrameworks/CoreServicesStore.framework/Versions/A/CoreServicesStore
0x00007ff80be61000 	/usr/lib/libxslt.1.dylib
0x00007ff80ac62000 	/System/Library/PrivateFrameworks/BackgroundTaskManagement.framework/Versions/A/BackgroundTaskManagement
0x00007ff80d380000 	/System/Library/Frameworks/ImageIO.framework/Versions/A/Resources/libRadiance.dylib
0x00007ff80d389000 	/System/Library/Frameworks/ImageIO.framework/Versions/A/Resources/libJPEG.dylib
0x00007ff80d2db000 	/System/Library/Frameworks/ImageIO.framework/Versions/A/Resources/libPng.dylib
0x00007ff80d2fc000 	/System/Library/Frameworks/ImageIO.framework/Versions/A/Resources/libTIFF.dylib
0x00007ff80d3e8000 	/System/Library/Frameworks/ImageIO.framework/Versions/A/Resources/libGIF.dylib
0x00007ff80cc18000 	/System/Library/Frameworks/ImageIO.framework/Versions/A/Resources/libJP2.dylib
0x00007ff80c356000 	/usr/lib/libexpat.1.dylib
0x00007ff80cbcd000 	/System/Library/PrivateFrameworks/AppleJPEG.framework/Versions/A/AppleJPEG
0x00007ff8094ef000 	/System/Library/PrivateFrameworks/FontServices.framework/libFontParser.dylib
0x00007ff806b3b000 	/System/Library/PrivateFrameworks/RunningBoardServices.framework/Versions/A/RunningBoardServices
0x00007ff817d4f000 	/System/Library/PrivateFrameworks/IOSurfaceAccelerator.framework/Versions/A/IOSurfaceAccelerator
0x00007ff80ccf8000 	/System/Library/PrivateFrameworks/WatchdogClient.framework/Versions/A/WatchdogClient
0x00007ff80171d000 	/System/Library/Frameworks/CoreDisplay.framework/Versions/A/CoreDisplay
0x00007ff8093ed000 	/System/Library/Frameworks/CoreMedia.framework/Versions/A/CoreMedia
0x00007ff809281000 	/System/Library/PrivateFrameworks/IOAccelerator.framework/Versions/A/IOAccelerator
0x00007ff808186000 	/System/Library/Frameworks/CoreVideo.framework/Versions/A/CoreVideo
0x00007ff80b8e7000 	/System/Library/Frameworks/MetalPerformanceShaders.framework/Versions/A/MetalPerformanceShaders
0x00007ff80cd35000 	/System/Library/Frameworks/VideoToolbox.framework/Versions/A/VideoToolbox
0x00007ff806a85000 	/System/Library/PrivateFrameworks/BaseBoard.framework/Versions/A/BaseBoard
0x00007ff80680f000 	/System/Library/PrivateFrameworks/ProtocolBuffer.framework/Versions/A/ProtocolBuffer
0x00007ff80d379000 	/System/Library/PrivateFrameworks/GPUWrangler.framework/Versions/A/GPUWrangler
0x00007ff80d35d000 	/System/Library/PrivateFrameworks/IOPresentment.framework/Versions/A/IOPresentment
0x00007ff80d383000 	/System/Library/PrivateFrameworks/DSExternalDisplay.framework/Versions/A/DSExternalDisplay
0x00007ffa19269000 	/System/Library/Frameworks/OpenGL.framework/Versions/A/Libraries/libCoreFSCache.dylib
0x00007ffb06330000 	/System/Library/PrivateFrameworks/GPUCompiler.framework/Versions/31001/Libraries/libGPUCompilerUtils.dylib
0x00007ff80d3ed000 	/System/Library/PrivateFrameworks/CMCaptureCore.framework/Versions/A/CMCaptureCore
0x00007ff80c8fe000 	/System/Library/PrivateFrameworks/AppServerSupport.framework/Versions/A/AppServerSupport
0x00007ff80ebbb000 	/System/Library/PrivateFrameworks/perfdata.framework/Versions/A/perfdata
0x00007ff801849000 	/System/Library/PrivateFrameworks/AudioToolboxCore.framework/Versions/A/AudioToolboxCore
0x00007ff8093cb000 	/System/Library/PrivateFrameworks/caulk.framework/Versions/A/caulk
0x00007ff80e4cd000 	/usr/lib/libAudioStatistics.dylib
0x00007ff905f27000 	/System/Library/PrivateFrameworks/SystemPolicy.framework/Versions/A/SystemPolicy
0x00007ff80e728000 	/usr/lib/libSMC.dylib
0x00007ff817647000 	/System/Library/Frameworks/CoreMIDI.framework/Versions/A/CoreMIDI
0x00007ff80d2aa000 	/usr/lib/libAudioToolboxUtility.dylib
0x00007ff902153000 	/System/Library/PrivateFrameworks/OSAServicesClient.framework/Versions/A/OSAServicesClient
0x00007ff80ebc8000 	/usr/lib/libperfcheck.dylib
0x00007ff9069d4000 	/usr/lib/libmis.dylib
0x00007ffa192c4000 	/System/Library/Frameworks/OpenGL.framework/Versions/A/Libraries/libGLU.dylib
0x00007ffa19288000 	/System/Library/Frameworks/OpenGL.framework/Versions/A/Libraries/libGFXShared.dylib
0x00007ffa19491000 	/System/Library/Frameworks/OpenGL.framework/Versions/A/Libraries/libGL.dylib
0x00007ffa19291000 	/System/Library/Frameworks/OpenGL.framework/Versions/A/Libraries/libGLImage.dylib
0x00007ffa19285000 	/System/Library/Frameworks/OpenGL.framework/Versions/A/Libraries/libCVMSPluginSupport.dylib
0x00007ffa19270000 	/System/Library/Frameworks/OpenGL.framework/Versions/A/Libraries/libCoreVMClient.dylib
0x00007ff809f37000 	/System/Library/Frameworks/MetalPerformanceShaders.framework/Versions/A/Frameworks/MPSCore.framework/Versions/A/MPSCore
0x00007ff80b27b000 	/System/Library/Frameworks/MetalPerformanceShaders.framework/Versions/A/Frameworks/MPSImage.framework/Versions/A/MPSImage
0x00007ff80ad21000 	/System/Library/Frameworks/MetalPerformanceShaders.framework/Versions/A/Frameworks/MPSNeuralNetwork.framework/Versions/A/MPSNeuralNetwork
0x00007ff80b195000 	/System/Library/Frameworks/MetalPerformanceShaders.framework/Versions/A/Frameworks/MPSMatrix.framework/Versions/A/MPSMatrix
0x00007ff80af50000 	/System/Library/Frameworks/MetalPerformanceShaders.framework/Versions/A/Frameworks/MPSRayIntersector.framework/Versions/A/MPSRayIntersector
0x00007ff80b1cd000 	/System/Library/Frameworks/MetalPerformanceShaders.framework/Versions/A/Frameworks/MPSNDArray.framework/Versions/A/MPSNDArray
0x00007ffa1ed49000 	/System/Library/Frameworks/MetalPerformanceShaders.framework/Versions/A/Frameworks/MPSFunctions.framework/Versions/A/MPSFunctions
0x00007ff800c18000 	/System/Library/PrivateFrameworks/MetalTools.framework/Versions/A/MetalTools
0x00007ff809fb3000 	/System/Library/PrivateFrameworks/AggregateDictionary.framework/Versions/A/AggregateDictionary
0x00007ff80c138000 	/usr/lib/libIOReport.dylib
0x00007ffa1a8a0000 	/System/Library/Frameworks/OpenCL.framework/Versions/A/OpenCL
0x00007ff80c49c000 	/System/Library/PrivateFrameworks/FaceCore.framework/Versions/A/FaceCore
0x00007ff80c48d000 	/System/Library/PrivateFrameworks/GraphVisualizer.framework/Versions/A/GraphVisualizer
0x00007ffb0623b000 	/System/Library/PrivateFrameworks/FontServices.framework/Versions/A/FontServices
0x00007ff80c8b6000 	/System/Library/PrivateFrameworks/OTSVG.framework/Versions/A/OTSVG
0x00007ff807d6d000 	/System/Library/Frameworks/ApplicationServices.framework/Versions/A/Frameworks/ATS.framework/Versions/A/Resources/libFontRegistry.dylib
0x00007ff80c906000 	/System/Library/PrivateFrameworks/FontServices.framework/libhvf.dylib
0x00007ffb0623c000 	/System/Library/PrivateFrameworks/FontServices.framework/libXTFontStaticRegistryData.dylib
0x00007ff80c306000 	/System/Library/PrivateFrameworks/AppleVA.framework/Versions/A/AppleVA
0x00007ff80e4ed000 	/System/Library/Frameworks/ApplicationServices.framework/Versions/A/Frameworks/ATS.framework/Versions/A/ATS
0x00007ff805f41000 	/System/Library/Frameworks/ApplicationServices.framework/Versions/A/Frameworks/HIServices.framework/Versions/A/HIServices
0x00007ff80d3f7000 	/System/Library/Frameworks/ApplicationServices.framework/Versions/A/Frameworks/PrintCore.framework/Versions/A/PrintCore
0x00007ff80e87b000 	/System/Library/Frameworks/ApplicationServices.framework/Versions/A/Frameworks/QD.framework/Versions/A/QD
0x00007ff80e873000 	/System/Library/Frameworks/ApplicationServices.framework/Versions/A/Frameworks/ColorSyncLegacy.framework/Versions/A/ColorSyncLegacy
0x00007ff80e4dd000 	/System/Library/Frameworks/ApplicationServices.framework/Versions/A/Frameworks/SpeechSynthesis.framework/Versions/A/SpeechSynthesis
0x00007ff80d3b8000 	/System/Library/Frameworks/ApplicationServices.framework/Versions/A/Frameworks/ATSUI.framework/Versions/A/ATSUI
0x00007ff80e808000 	/usr/lib/libcups.2.dylib
0x00007ff80ebd7000 	/System/Library/Frameworks/Kerberos.framework/Versions/A/Kerberos
0x00007ff80ebe6000 	/System/Library/Frameworks/GSS.framework/Versions/A/GSS
0x00007ff80e559000 	/usr/lib/libresolv.9.dylib
0x00007ff80c915000 	/System/Library/PrivateFrameworks/Heimdal.framework/Versions/A/Heimdal
0x00007ff8157ca000 	/System/Library/Frameworks/Kerberos.framework/Versions/A/Libraries/libHeimdalProxy.dylib
0x00007ff806c0f000 	/System/Library/Frameworks/Network.framework/Versions/A/Network
0x00007ff80c370000 	/usr/lib/libheimdal-asn1.dylib
0x00007ff80ec31000 	/System/Library/PrivateFrameworks/CommonAuth.framework/Versions/A/CommonAuth
0x00007ff80e45f000 	/System/Library/PrivateFrameworks/AudioSession.framework/Versions/A/AudioSession
0x00007ff80c400000 	/System/Library/PrivateFrameworks/MediaExperience.framework/Versions/A/MediaExperience
0x00007ff80e2f1000 	/System/Library/PrivateFrameworks/AudioSession.framework/libSessionUtility.dylib
0x00007ff80e887000 	/System/Library/PrivateFrameworks/AudioResourceArbitration.framework/Versions/A/AudioResourceArbitration
0x00007ff812908000 	/System/Library/PrivateFrameworks/PowerLog.framework/Versions/A/PowerLog
0x00007ff80c379000 	/System/Library/PrivateFrameworks/IconFoundation.framework/Versions/A/IconFoundation
0x00007ff8116be000 	/System/Library/PrivateFrameworks/SpeechRecognitionCore.framework/Versions/A/SpeechRecognitionCore
0x00007ffa0b50b000 	/System/Library/CoreServices/Encodings/libLatin2Converter.dylib
0x000000010e072000 	/Users/grzegorzjaskula/.p2/pool/plugins/org.eclipse.justj.openjdk.hotspot.jre.full.macosx.x86_64_17.0.3.v20220515-1416/jre/lib/server/libjvm.dylib
0x000000010cf7f000 	/Users/grzegorzjaskula/.p2/pool/plugins/org.eclipse.justj.openjdk.hotspot.jre.full.macosx.x86_64_17.0.3.v20220515-1416/jre/lib/libjimage.dylib
0x000000010d005000 	/Users/grzegorzjaskula/.p2/pool/plugins/org.eclipse.justj.openjdk.hotspot.jre.full.macosx.x86_64_17.0.3.v20220515-1416/jre/lib/libjava.dylib
0x000000010dae0000 	/Users/grzegorzjaskula/.p2/pool/plugins/org.eclipse.justj.openjdk.hotspot.jre.full.macosx.x86_64_17.0.3.v20220515-1416/jre/lib/libzip.dylib
0x000000010dc25000 	/Users/grzegorzjaskula/.p2/pool/plugins/org.eclipse.justj.openjdk.hotspot.jre.full.macosx.x86_64_17.0.3.v20220515-1416/jre/lib/libnio.dylib
0x000000010dc71000 	/Users/grzegorzjaskula/.p2/pool/plugins/org.eclipse.justj.openjdk.hotspot.jre.full.macosx.x86_64_17.0.3.v20220515-1416/jre/lib/libnet.dylib
0x000000010dcb0000 	/Users/grzegorzjaskula/.p2/pool/plugins/org.eclipse.justj.openjdk.hotspot.jre.full.macosx.x86_64_17.0.3.v20220515-1416/jre/lib/libverify.dylib
0x000000010de19000 	/Users/grzegorzjaskula/.p2/pool/plugins/org.eclipse.justj.openjdk.hotspot.jre.full.macosx.x86_64_17.0.3.v20220515-1416/jre/lib/libawt.dylib
0x000000012e154000 	/Users/grzegorzjaskula/.p2/pool/plugins/org.eclipse.justj.openjdk.hotspot.jre.full.macosx.x86_64_17.0.3.v20220515-1416/jre/lib/libmlib_image.dylib
0x00007ffa1ecb2000 	/System/Library/Frameworks/JavaRuntimeSupport.framework/Versions/A/JavaRuntimeSupport
0x00007ff905a4b000 	/System/Library/Frameworks/Carbon.framework/Versions/A/Carbon
0x00007ff813b82000 	/System/Library/PrivateFrameworks/CoreSymbolication.framework/Versions/A/CoreSymbolication
0x00007ff8190e6000 	/System/Library/Frameworks/Carbon.framework/Versions/A/Frameworks/CommonPanels.framework/Versions/A/CommonPanels
0x00007ff8151b6000 	/System/Library/Frameworks/Carbon.framework/Versions/A/Frameworks/Help.framework/Versions/A/Help
0x00007ff8190ea000 	/System/Library/Frameworks/Carbon.framework/Versions/A/Frameworks/ImageCapture.framework/Versions/A/ImageCapture
0x00007ff8190ba000 	/System/Library/Frameworks/Carbon.framework/Versions/A/Frameworks/OpenScripting.framework/Versions/A/OpenScripting
0x00007ff8190e2000 	/System/Library/Frameworks/Carbon.framework/Versions/A/Frameworks/Ink.framework/Versions/A/Ink
0x00007ff905a47000 	/System/Library/Frameworks/Carbon.framework/Versions/A/Frameworks/Print.framework/Versions/A/Print
0x00007ff8190de000 	/System/Library/Frameworks/Carbon.framework/Versions/A/Frameworks/SecurityHI.framework/Versions/A/SecurityHI
0x00007ff813b47000 	/System/Library/PrivateFrameworks/DebugSymbols.framework/Versions/A/DebugSymbols
0x00000001308fe000 	/Users/grzegorzjaskula/.p2/pool/plugins/org.eclipse.justj.openjdk.hotspot.jre.full.macosx.x86_64_17.0.3.v20220515-1416/jre/lib/libawt_lwawt.dylib
0x000000010dda2000 	/Users/grzegorzjaskula/.p2/pool/plugins/org.eclipse.justj.openjdk.hotspot.jre.full.macosx.x86_64_17.0.3.v20220515-1416/jre/lib/libosxapp.dylib
0x00007ff904d15000 	/System/Library/Frameworks/ExceptionHandling.framework/Versions/A/ExceptionHandling
0x0000000130d6c000 	/Users/grzegorzjaskula/.p2/pool/plugins/org.eclipse.justj.openjdk.hotspot.jre.full.macosx.x86_64_17.0.3.v20220515-1416/jre/lib/libfontmanager.dylib
0x0000000130bd8000 	/Users/grzegorzjaskula/.p2/pool/plugins/org.eclipse.justj.openjdk.hotspot.jre.full.macosx.x86_64_17.0.3.v20220515-1416/jre/lib/libfreetype.dylib
0x00007ff802ce1000 	/System/Library/PrivateFrameworks/CoreServicesInternal.framework/Versions/A/CoreServicesInternal
0x00007ff812ef9000 	/System/Library/Frameworks/FileProvider.framework/Versions/A/FileProvider
0x00007ff8069f2000 	/System/Library/Frameworks/Accounts.framework/Versions/A/Accounts
0x00007ff813072000 	/System/Library/PrivateFrameworks/GenerationalStorage.framework/Versions/A/GenerationalStorage
0x00007ff8128fd000 	/System/Library/PrivateFrameworks/SymptomDiagnosticReporter.framework/Versions/A/SymptomDiagnosticReporter
0x00007ff803fa2000 	/System/Library/PrivateFrameworks/DesktopServicesPriv.framework/Versions/A/DesktopServicesPriv
0x00007ff802e20000 	/usr/lib/libsandbox.1.dylib
0x00007ff808205000 	/System/Library/PrivateFrameworks/UserManagement.framework/Versions/A/UserManagement
0x00007ff80e868000 	/System/Library/PrivateFrameworks/NetAuth.framework/Versions/A/NetAuth
0x00007ff80f777000 	/System/Library/PrivateFrameworks/Sharing.framework/Versions/A/Sharing
0x00007ff8081d8000 	/System/Library/PrivateFrameworks/login.framework/Versions/A/Frameworks/loginsupport.framework/Versions/A/loginsupport
0x00007ff814ce5000 	/System/Library/PrivateFrameworks/Apple80211.framework/Versions/A/Apple80211
0x00007ff80b360000 	/System/Library/PrivateFrameworks/AuthKit.framework/Versions/A/AuthKit
0x00007ff80a9b5000 	/System/Library/PrivateFrameworks/CoreUtils.framework/Versions/A/CoreUtils
0x00007ff80a8dc000 	/System/Library/Frameworks/CoreWLAN.framework/Versions/A/CoreWLAN
0x00007ff80f8d6000 	/System/Library/Frameworks/IOBluetooth.framework/Versions/A/IOBluetooth
0x00007ff814d4d000 	/System/Library/PrivateFrameworks/CoreWiFi.framework/Versions/A/CoreWiFi
0x00007ff81371c000 	/System/Library/PrivateFrameworks/FrontBoardServices.framework/Versions/A/FrontBoardServices
0x00007ff8137ad000 	/System/Library/PrivateFrameworks/BoardServices.framework/Versions/A/BoardServices
0x00007ff80abc4000 	/System/Library/PrivateFrameworks/AssertionServices.framework/Versions/A/AssertionServices
0x00007ff814ed0000 	/System/Library/PrivateFrameworks/BackBoardServices.framework/Versions/A/BackBoardServices
0x00007ff80ecc2000 	/System/Library/PrivateFrameworks/CorePhoneNumbers.framework/Versions/A/CorePhoneNumbers
0x00007ff80e586000 	/System/Library/PrivateFrameworks/MultiverseSupport.framework/Versions/A/MultiverseSupport
0x00007ff815143000 	/System/Library/PrivateFrameworks/RemoteServiceDiscovery.framework/Versions/A/RemoteServiceDiscovery
0x00007ff812a1a000 	/System/Library/PrivateFrameworks/DiskManagement.framework/Versions/A/DiskManagement
0x00007ff81292e000 	/System/Library/PrivateFrameworks/AppleIDAuthSupport.framework/Versions/A/AppleIDAuthSupport
0x00007ffb00bb6000 	/System/Library/PrivateFrameworks/AAAFoundation.framework/Versions/A/AAAFoundation
0x00007ff80eca3000 	/System/Library/PrivateFrameworks/KeychainCircle.framework/Versions/A/KeychainCircle
0x00007ff815153000 	/System/Library/PrivateFrameworks/RemoteXPC.framework/Versions/A/RemoteXPC
0x00007ff8129e6000 	/System/Library/PrivateFrameworks/MediaKit.framework/Versions/A/MediaKit
0x00007ff81293a000 	/System/Library/Frameworks/DiscRecording.framework/Versions/A/DiscRecording
0x00007ff80c27e000 	/usr/lib/libCoreStorage.dylib
0x00007ff8151be000 	/usr/lib/libcsfde.dylib
0x00007ff80f9a3000 	/System/Library/PrivateFrameworks/ProtectedCloudStorage.framework/Versions/A/ProtectedCloudStorage
0x00007ff8151ba000 	/System/Library/PrivateFrameworks/EFILogin.framework/Versions/A/EFILogin
0x00007ff813098000 	/System/Library/PrivateFrameworks/OctagonTrust.framework/Versions/A/OctagonTrust
0x00007ffb0549e000 	/System/Library/PrivateFrameworks/CoreUtilsExtras.framework/Versions/A/CoreUtilsExtras
0x00007ff812861000 	/System/Library/Frameworks/CoreBluetooth.framework/Versions/A/CoreBluetooth
0x00007ff81584f000 	/System/Library/Frameworks/AudioUnit.framework/Versions/A/AudioUnit
0x00007ff80c276000 	/usr/lib/libMatch.1.dylib
0x00007ff90d7ce000 	/System/Library/CoreServices/RawCamera.bundle/Contents/MacOS/RawCamera
0x00007ff80ec41000 	/System/Library/PrivateFrameworks/MobileAsset.framework/Versions/A/MobileAsset
0x00007ff815876000 	/System/Library/PrivateFrameworks/StreamingZip.framework/Versions/A/StreamingZip
0x00007ffb02792000 	/System/Library/PrivateFrameworks/CMPhoto.framework/Versions/A/CMPhoto
0x00007ff813a1d000 	/System/Library/PrivateFrameworks/AppleVPA.framework/Versions/A/AppleVPA
0x00007ff80d621000 	/System/Library/Frameworks/MediaToolbox.framework/Versions/A/MediaToolbox
0x00007ff812ec9000 	/System/Library/PrivateFrameworks/CoreAVCHD.framework/Versions/A/CoreAVCHD
0x00007ff811d9e000 	/System/Library/Frameworks/MediaAccessibility.framework/Versions/A/MediaAccessibility
0x00007ff812ec5000 	/System/Library/PrivateFrameworks/Mangrove.framework/Versions/A/Mangrove
0x00007ff811da9000 	/System/Library/PrivateFrameworks/AlgosScoreFramework.framework/Versions/A/AlgosScoreFramework
0x00007ff812b0a000 	/System/Library/PrivateFrameworks/CoreAUC.framework/Versions/A/CoreAUC
0x00007ff90aff8000 	/System/Library/Frameworks/Accelerate.framework/Versions/A/Frameworks/vImage.framework/Versions/A/Libraries/libCGInterfaces.dylib
0x00000001338b1000 	/usr/lib/libobjc-trampolines.dylib
0x00007ff807efd000 	/System/Library/PrivateFrameworks/ViewBridge.framework/Versions/A/ViewBridge
0x00007ffb18d1e000 	/usr/lib/libRosetta.dylib
0x0000000134ea1000 	/Users/grzegorzjaskula/eclipse-workspace/ComputerGraphics/lib/natives/liblwjgl.jnilib
0x0000000134669000 	/Users/grzegorzjaskula/.p2/pool/plugins/org.eclipse.justj.openjdk.hotspot.jre.full.macosx.x86_64_17.0.3.v20220515-1416/jre/lib/libjawt.dylib
0x00007ffa1949c000 	/System/Library/Frameworks/OpenGL.framework/Versions/A/Resources/GLEngine.bundle/GLEngine
0x00007ffa19302000 	/System/Library/Frameworks/OpenGL.framework/Versions/A/Libraries/libGLProgrammability.dylib
0x00000001350d9000 	/System/Library/Extensions/AppleMetalOpenGLRenderer.bundle/Contents/MacOS/AppleMetalOpenGLRenderer
0x00007ffa19626000 	/System/Library/Frameworks/OpenGL.framework/Versions/A/Resources/GLRendererFloat.bundle/GLRendererFloat
0x00007ffa1b43e000 	/System/Library/Extensions/AGXMetal13_3.bundle/Contents/MacOS/AGXMetal13_3
0x00007ff9069ef000 	/System/Library/PrivateFrameworks/GPURawCounter.framework/Versions/A/GPURawCounter
0x00007ff9012fb000 	/System/Library/PrivateFrameworks/IOGPU.framework/Versions/A/IOGPU
0x00007ff80c9cc000 	/System/Library/PrivateFrameworks/login.framework/Versions/A/login


VM Arguments:
jvm_args: -Djava.library.path=/Users/grzegorzjaskula/eclipse-workspace/ComputerGraphics/lib/natives -Dfile.encoding=UTF-8 -XX:+ShowCodeDetailsInExceptionMessages 
java_command: engineTester.MainGameLoop
java_class_path (initial): /Users/grzegorzjaskula/eclipse-workspace/ComputerGraphics/bin:/Users/grzegorzjaskula/eclipse-workspace/ComputerGraphics/lib/jars/lwjgl_util.jar:/Users/grzegorzjaskula/eclipse-workspace/ComputerGraphics/lib/jars/lwjgl.jar:/Users/grzegorzjaskula/eclipse-workspace/ComputerGraphics/lib/jars/slick-util.jar
Launcher Type: SUN_STANDARD

[Global flags]
     intx CICompilerCount                          = 4                                         {product} {ergonomic}
     uint ConcGCThreads                            = 2                                         {product} {ergonomic}
     uint G1ConcRefinementThreads                  = 8                                         {product} {ergonomic}
   size_t G1HeapRegionSize                         = 2097152                                   {product} {ergonomic}
    uintx GCDrainStackTargetSize                   = 64                                        {product} {ergonomic}
   size_t InitialHeapSize                          = 268435456                                 {product} {ergonomic}
   size_t MarkStackSize                            = 4194304                                   {product} {ergonomic}
   size_t MaxHeapSize                              = 4294967296                                {product} {ergonomic}
   size_t MaxNewSize                               = 2575302656                                {product} {ergonomic}
   size_t MinHeapDeltaBytes                        = 2097152                                   {product} {ergonomic}
   size_t MinHeapSize                              = 8388608                                   {product} {ergonomic}
    uintx NonNMethodCodeHeapSize                   = 5839372                                {pd product} {ergonomic}
    uintx NonProfiledCodeHeapSize                  = 122909434                              {pd product} {ergonomic}
    uintx ProfiledCodeHeapSize                     = 122909434                              {pd product} {ergonomic}
    uintx ReservedCodeCacheSize                    = 251658240                              {pd product} {ergonomic}
     bool SegmentedCodeCache                       = true                                      {product} {ergonomic}
     bool ShowCodeDetailsInExceptionMessages       = true                                   {manageable} {command line}
   size_t SoftMaxHeapSize                          = 4294967296                             {manageable} {ergonomic}
     bool UseCompressedClassPointers               = true                           {product lp64_product} {ergonomic}
     bool UseCompressedOops                        = true                           {product lp64_product} {ergonomic}
     bool UseG1GC                                  = true                                      {product} {ergonomic}
     bool UseNUMA                                  = false                                     {product} {ergonomic}
     bool UseNUMAInterleaving                      = false                                     {product} {ergonomic}

Logging:
Log output configuration:
 #0: stdout all=warning uptime,level,tags
 #1: stderr all=off uptime,level,tags

Environment Variables:
PATH=/usr/bin:/bin:/usr/sbin:/sbin
SHELL=/bin/zsh

Signal Handlers:
   SIGSEGV: _ZL13crash_handleriP9__siginfoPv in libjvm.dylib, mask=11100110100111111111111111111111, flags=SA_RESTART|SA_SIGINFO
    SIGBUS: _ZL13crash_handleriP9__siginfoPv in libjvm.dylib, mask=11100110100111111111111111111111, flags=SA_RESTART|SA_SIGINFO
    SIGFPE: _ZL13crash_handleriP9__siginfoPv in libjvm.dylib, mask=11100110100111111111111111111111, flags=SA_RESTART|SA_SIGINFO
   SIGPIPE: _ZL17javaSignalHandleriP9__siginfoPv in libjvm.dylib, mask=11100110100111111111111111111111, flags=SA_RESTART|SA_SIGINFO
   SIGXFSZ: _ZL17javaSignalHandleriP9__siginfoPv in libjvm.dylib, mask=11100110100111111111111111111111, flags=SA_RESTART|SA_SIGINFO
    SIGILL: _ZL13crash_handleriP9__siginfoPv in libjvm.dylib, mask=11100110100111111111111111111111, flags=SA_RESTART|SA_SIGINFO
   SIGUSR2: _ZL10SR_handleriP9__siginfoP17__darwin_ucontext in libjvm.dylib, mask=00100000000000000000000000000000, flags=SA_RESTART|SA_SIGINFO
    SIGHUP: _ZL11UserHandleriPvS_ in libjvm.dylib, mask=11100110100111111111111111111111, flags=SA_RESTART|SA_SIGINFO
    SIGINT: _ZL11UserHandleriPvS_ in libjvm.dylib, mask=11100110100111111111111111111111, flags=SA_RESTART|SA_SIGINFO
   SIGTERM: _ZL11UserHandleriPvS_ in libjvm.dylib, mask=11100110100111111111111111111111, flags=SA_RESTART|SA_SIGINFO
   SIGQUIT: _ZL11UserHandleriPvS_ in libjvm.dylib, mask=11100110100111111111111111111111, flags=SA_RESTART|SA_SIGINFO
  *** Handler was modified!
  *** Expected: _ZL17javaSignalHandleriP9__siginfoPv in libjvm.dylib, mask=11100110100111111111111111111111, flags=SA_RESTART|SA_SIGINFO
   SIGTRAP: _ZL13crash_handleriP9__siginfoPv in libjvm.dylib, mask=11100110100111111111111111111111, flags=SA_RESTART|SA_SIGINFO


---------------  S Y S T E M  ---------------

OS:
uname: Darwin 21.6.0 Darwin Kernel Version 21.6.0: Sat Jun 18 17:05:47 PDT 2022; root:xnu-8020.140.41~1/RELEASE_ARM64_T8101 x86_64
OS uptime: 5 days 2:45 hours
rlimit (soft/hard): STACK 8176k/65520k , CORE 0k/infinity , NPROC 2666/4000 , NOFILE 10240/infinity , AS infinity/infinity , CPU infinity/infinity , DATA infinity/infinity , FSIZE infinity/infinity , MEMLOCK infinity/infinity , RSS infinity/infinity
load average: 3.19 2.48 2.13

CPU: (EMULATED) total 8 (initial active 8) (1 cores per cpu, 1 threads per core) family 6 model 44 stepping 0 microcode 0x0, cx8, cmov, fxsr, mmx, sse, sse2, sse3, ssse3, sse4.1, sse4.2, popcnt, tsc, tscinvbit, aes, clmul, clflush

Memory: 4k page, physical 16777216k(591724k free), swap 0k(0k free)

vm_info: OpenJDK 64-Bit Server VM (17.0.3+7) for bsd-amd64 JRE (17.0.3+7), built on Apr 19 2022 22:49:40 by "jenkins" with clang 4.2.1 Compatible Apple LLVM 10.0.1 (clang-1001.0.46.4)

END.
