#
# A fatal error has been detected by the Java Runtime Environment:
#
#  SIGSEGV (0xb) at pc=0x00007ff817c6b31f, pid=86285, tid=9219
#
# JRE version: OpenJDK Runtime Environment Temurin-17.0.3+7 (17.0.3+7) (build 17.0.3+7)
# Java VM: OpenJDK 64-Bit Server VM Temurin-17.0.3+7 (17.0.3+7, mixed mode, tiered, compressed oops, compressed class ptrs, g1 gc, bsd-amd64)
# Problematic frame:
# C  [libobjc.A.dylib+0x931f]  objc_release+0x1f
#
# No core dump will be written. Core dumps have been disabled. To enable core dumping, try "ulimit -c unlimited" before starting Java again
#
# If you would like to submit a bug report, please visit:
#   https://github.com/adoptium/adoptium-support/issues
# The crash happened outside the Java Virtual Machine in native code.
# See problematic frame for where to report the bug.
#

---------------  S U M M A R Y ------------

Command Line: -Djava.library.path=/Users/grzegorzjaskula/eclipse-workspace/ComputerGraphics/lib/natives -Dfile.encoding=UTF-8 -XX:+ShowCodeDetailsInExceptionMessages engineTester.MainGameLoop

Host: "MacBookAir10,1" x86_64 (EMULATED) 2400 MHz, 8 cores, 16G, Darwin 21.6.0, macOS 10.16 (21G72)
Time: Thu Aug 18 10:50:15 2022 CEST elapsed time: 0.675257 seconds (0d 0h 0m 0s)

---------------  T H R E A D  ---------------

Current thread (0x00007f8ba0012000):  JavaThread "main" [_thread_in_native, id=9219, stack(0x00000003050b3000,0x00000003051b3000)]

Stack: [0x00000003050b3000,0x00000003051b3000],  sp=0x00000003051b2548,  free space=1021k
Native frames: (J=compiled Java code, j=interpreted, Vv=VM code, C=native code)
C  [libobjc.A.dylib+0x931f]  objc_release+0x1f
C  [libobjc.A.dylib+0xa24f]  objc_autoreleasePoolPop+0xa8
C  [CoreFoundation+0x41052]  _CFAutoreleasePoolPop+0x16
C  [Foundation+0x1ebc1]  -[NSAutoreleasePool release]+0x85
j  org.lwjgl.opengl.MacOSXContextImplementation.setView(Ljava/nio/ByteBuffer;Ljava/nio/ByteBuffer;)V+0
j  org.lwjgl.opengl.MacOSXContextImplementation.makeCurrent(Lorg/lwjgl/opengl/PeerInfo;Ljava/nio/ByteBuffer;)V+7
j  org.lwjgl.opengl.ContextGL.makeCurrent()V+46
j  org.lwjgl.opengl.DrawableGL.makeCurrent()V+14
j  org.lwjgl.opengl.Display.makeCurrent()V+3
j  org.lwjgl.opengl.Display.makeCurrentAndSetSwapInterval()V+0
j  org.lwjgl.opengl.Display.create(Lorg/lwjgl/opengl/PixelFormat;Lorg/lwjgl/opengl/Drawable;Lorg/lwjgl/opengl/ContextAttribs;)V+108
j  org.lwjgl.opengl.Display.create(Lorg/lwjgl/opengl/PixelFormat;Lorg/lwjgl/opengl/ContextAttribs;)V+9
j  renderEngine.DisplayManager.createDisplay()V+42
j  engineTester.MainGameLoop.main([Ljava/lang/String;)V+0
v  ~StubRoutines::call_stub
V  [libjvm.dylib+0x51b076]  _ZN9JavaCalls11call_helperEP9JavaValueRK12methodHandleP17JavaCallArgumentsP10JavaThread+0x2b6
V  [libjvm.dylib+0x57e878]  _ZL17jni_invoke_staticP7JNIEnv_P9JavaValueP8_jobject11JNICallTypeP10_jmethodIDP18JNI_ArgumentPusherP10JavaThread+0x158
V  [libjvm.dylib+0x581dc8]  jni_CallStaticVoidMethod+0x198
C  [libjli.dylib+0x4fcd]  JavaMain+0xc1d
C  [libjli.dylib+0x7699]  ThreadJavaMain+0x9
C  [libsystem_pthread.dylib+0x64e1]  _pthread_start+0x7d
C  [libsystem_pthread.dylib+0x1f6b]  thread_start+0xf

Java frames: (J=compiled Java code, j=interpreted, Vv=VM code)
j  org.lwjgl.opengl.MacOSXContextImplementation.setView(Ljava/nio/ByteBuffer;Ljava/nio/ByteBuffer;)V+0
j  org.lwjgl.opengl.MacOSXContextImplementation.makeCurrent(Lorg/lwjgl/opengl/PeerInfo;Ljava/nio/ByteBuffer;)V+7
j  org.lwjgl.opengl.ContextGL.makeCurrent()V+46
j  org.lwjgl.opengl.DrawableGL.makeCurrent()V+14
j  org.lwjgl.opengl.Display.makeCurrent()V+3
j  org.lwjgl.opengl.Display.makeCurrentAndSetSwapInterval()V+0
j  org.lwjgl.opengl.Display.create(Lorg/lwjgl/opengl/PixelFormat;Lorg/lwjgl/opengl/Drawable;Lorg/lwjgl/opengl/ContextAttribs;)V+108
j  org.lwjgl.opengl.Display.create(Lorg/lwjgl/opengl/PixelFormat;Lorg/lwjgl/opengl/ContextAttribs;)V+9
j  renderEngine.DisplayManager.createDisplay()V+42
j  engineTester.MainGameLoop.main([Ljava/lang/String;)V+0
v  ~StubRoutines::call_stub

siginfo: si_signo: 11 (SIGSEGV), si_code: 1 (SEGV_MAPERR), si_addr: 0x000048f1dd2e50a0

Register to memory mapping:

RAX=0x0000c8f1dd2e5080 is an unknown value
RBX=0x0000000000000001 is an unknown value
RCX=0x000048f1dd2e5080 is an unknown value
RDX=0x0000000000000005 is an unknown value
RSP=0x00000003051b2548 is pointing into the stack for thread: 0x00007f8ba0012000
RBP=0x00000003051b2580 is pointing into the stack for thread: 0x00007f8ba0012000
RSI=0x00007ff832487084: <offset 0x1a825084> in /usr/lib/libobjc.A.dylib at 0x00007ff817c62000
RDI=0x00006000006c5080 points into unknown readable memory: 0x0000c8f1dd2e5080 | 80 50 2e dd f1 c8 00 00
R8 =0x00007f8b6f1450c8 points into unknown readable memory: 0x0000000000000000 | 00 00 00 00 00 00 00 00
R9 =0x0 is NULL
R10=0x0000000130c9acb8: OBJC_CLASS_$_MacOSXOpenGLView+0 in /Users/grzegorzjaskula/eclipse-workspace/ComputerGraphics/lib/natives/liblwjgl.jnilib at 0x0000000130c5d000
R11=0x00007ff81a7d6ba4: -[NSResponder release]+0 in /System/Library/Frameworks/AppKit.framework/Versions/C/AppKit at 0x00007ff81a7cb000
R12=0x00006000006c5080 points into unknown readable memory: 0x0000c8f1dd2e5080 | 80 50 2e dd f1 c8 00 00
R13=0xa3a3a3a3a3a3a3a3 is an unknown value
R14=0x00007f8b6f0aa098 points into unknown readable memory: 0x0000000000000000 | 00 00 00 00 00 00 00 00
R15=0x00007f8b6f0aa000 points into unknown readable memory: 0x4f545541a1a1a1a1 | a1 a1 a1 a1 41 55 54 4f


Registers:
RAX=0x0000c8f1dd2e5080, RBX=0x0000000000000001, RCX=0x000048f1dd2e5080, RDX=0x0000000000000005
RSP=0x00000003051b2548, RBP=0x00000003051b2580, RSI=0x00007ff832487084, RDI=0x00006000006c5080
R8 =0x00007f8b6f1450c8, R9 =0x0000000000000000, R10=0x0000000130c9acb8, R11=0x00007ff81a7d6ba4
R12=0x00006000006c5080, R13=0xa3a3a3a3a3a3a3a3, R14=0x00007f8b6f0aa098, R15=0x00007f8b6f0aa000
RIP=0x00007ff817c6b31f, EFLAGS=0x0000000000000246, ERR=0x0000000000000004
  TRAPNO=0x000000000000000e

Top of Stack: (sp=0x00000003051b2548)
0x00000003051b2548:   00007ff817c6f3aa b09ad0e46c89000f
0x00000003051b2558:   00007f8b6f0aa000 0000000000000000
0x00000003051b2568:   000000012a727fe8 00007ff832487084
0x00000003051b2578:   00006000006b8540 00000003051b25a0
0x00000003051b2588:   00007ff817c6c24f b09ad0e46c89000f
0x00000003051b2598:   00007f8b6f0aa098 00000003051b25c0
0x00000003051b25a8:   00007ff817e5d052 b09ad0e46c89000f
0x00000003051b25b8:   000000012a728058 00000003051b2600
0x00000003051b25c8:   00007ff818becbc1 00000003051b2600
0x00000003051b25d8:   0000000130c73b44 b09ad0e46c89000f
0x00000003051b25e8:   000000012a728058 00000003051b2690
0x00000003051b25f8:   00007f8ba0012000 00000003051b2668
0x00000003051b2608:   000000010ff70365 000000012a7270c8
0x00000003051b2618:   000000010ff700b6 00000003051b2620
0x00000003051b2628:   000000012a727fe8 00000003051b2690
0x00000003051b2638:   000000012a7285c8 0000000000000000
0x00000003051b2648:   000000070fdbbb00 000000012a728058
0x00000003051b2658:   0000000000000000 00000003051b2688
0x00000003051b2668:   00000003051b26e0 000000010ff6c42b
0x00000003051b2678:   000000070fdbbb00 000000010ff6df18
0x00000003051b2688:   000000070fdc5cf0 000000070fcd70c0
0x00000003051b2698:   00000003051b2698 000000012a727f47
0x00000003051b26a8:   00000003051b2710 000000012a7285c8
0x00000003051b26b8:   0000000000000000 000000070fdbbb00
0x00000003051b26c8:   000000012a728000 00000003051b2688
0x00000003051b26d8:   00000003051b2700 00000003051b2770
0x00000003051b26e8:   000000010ff6c88f 0000000000000000
0x00000003051b26f8:   000000070fcd70c0 000000070fdc5cf0
0x00000003051b2708:   000000070fcd7000 000000070fdbbc28
0x00000003051b2718:   0000000000000001 000000070fdbbc38
0x00000003051b2728:   00000003051b2718 000000012a7258a6
0x00000003051b2738:   00000003051b2780 000000012a726760 

Instructions: (pc=0x00007ff817c6b31f)
0x00007ff817c6b21f:   4a 08 48 8b 0d 28 4f 8a 41 48 89 4a 10 48 8b 0d
0x00007ff817c6b22f:   25 4f 8a 41 48 89 4a 18 48 8b 0d 22 4f 8a 41 48
0x00007ff817c6b23f:   89 4a 20 b9 05 00 00 00 48 89 df 48 89 c6 e8 bd
0x00007ff817c6b24f:   99 01 00 84 c0 75 23 66 f0 41 81 4e 1c 00 80 48
0x00007ff817c6b25f:   8b 05 cb 6c e6 3f 48 8b 00 48 3b 45 e0 75 2c 48
0x00007ff817c6b26f:   83 c4 48 5b 41 5e 41 5f 5d c3 31 c0 80 3d 3e 61
0x00007ff817c6b27f:   8a 41 00 74 da 0f b6 d0 4c 89 f7 be 02 00 00 00
0x00007ff817c6b28f:   e8 02 e3 01 00 eb c8 b0 01 eb e1 e8 17 ed 01 00
0x00007ff817c6b29f:   90 90 e9 02 00 00 00 90 90 40 f6 c7 01 75 4e 48
0x00007ff817c6b2af:   8b 07 a8 01 74 34 48 b9 00 00 00 00 00 00 00 01
0x00007ff817c6b2bf:   48 89 c2 48 c1 ea 37 74 34 48 89 c2 48 01 ca 72
0x00007ff817c6b2cf:   12 f0 48 0f b1 17 74 25 a8 01 75 e4 31 f6 e9 58
0x00007ff817c6b2df:   cf 01 00 31 f6 e9 e7 82 00 00 48 b9 f8 ff ff ff
0x00007ff817c6b2ef:   ff 7f 00 00 48 21 c8 f6 40 1c 01 74 df 48 89 f8
0x00007ff817c6b2ff:   c3 48 85 ff 74 76 89 f8 83 e0 01 48 85 c0 75 6c
0x00007ff817c6b30f:   48 8b 07 48 b9 f8 ff ff ff ff 7f 00 00 48 21 c1
0x00007ff817c6b31f:   48 8b 51 20 f6 c2 04 74 54 a8 01 74 72 48 b9 00
0x00007ff817c6b32f:   00 00 00 00 00 80 00 48 ba 00 00 00 00 00 00 00
0x00007ff817c6b33f:   01 48 39 c8 72 36 48 89 c6 48 29 d6 72 17 f0 48
0x00007ff817c6b34f:   0f b1 37 74 22 a8 01 75 e8 31 f6 ba 01 00 00 00
0x00007ff817c6b35f:   e9 66 cb 01 00 48 85 c8 75 3d 48 8b 35 18 4e 8a
0x00007ff817c6b36f:   41 ff 25 da 6d e6 3f 48 39 ce 72 ee c3 66 83 79
0x00007ff817c6b37f:   1c 00 79 0e 83 e2 02 48 85 d2 74 06 f6 41 28 02
0x00007ff817c6b38f:   75 1f 48 8b 35 40 4d 8a 41 ff 25 b2 6d e6 3f f6
0x00007ff817c6b39f:   41 1c 01 74 b4 eb d5 be 01 00 00 00 e9 dc a2 00
0x00007ff817c6b3af:   00 48 8b 05 01 ff 85 41 ff e0 90 90 90 90 90 90
0x00007ff817c6b3bf:   90 90 90 90 90 90 90 90 90 e9 04 00 00 00 90 90
0x00007ff817c6b3cf:   90 90 55 48 89 e5 53 50 48 89 fb f6 c3 01 75 21
0x00007ff817c6b3df:   48 b8 07 00 00 00 00 00 a0 00 48 23 03 48 83 f8
0x00007ff817c6b3ef:   01 75 15 48 89 df 48 83 c4 08 5b 5d e9 8e ec 01
0x00007ff817c6b3ff:   00 48 83 c4 08 5b 5d c3 48 89 df e8 11 00 00 00
0x00007ff817c6b40f:   eb e1 90 90 90 90 90 90 90 90 90 90 90 90 90 90 


Stack slot to memory mapping:
stack at sp + 0 slots: 0x00007ff817c6f3aa: _ZN19AutoreleasePoolPage12releaseUntilEPP11objc_object+0xa4 in /usr/lib/libobjc.A.dylib at 0x00007ff817c62000
stack at sp + 1 slots: 0xb09ad0e46c89000f is an unknown value
stack at sp + 2 slots: 0x00007f8b6f0aa000 points into unknown readable memory: 0x4f545541a1a1a1a1 | a1 a1 a1 a1 41 55 54 4f
stack at sp + 3 slots: 0x0 is NULL
stack at sp + 4 slots: 0x000000012a727fe8 is pointing into metadata
stack at sp + 5 slots: 0x00007ff832487084: <offset 0x1a825084> in /usr/lib/libobjc.A.dylib at 0x00007ff817c62000
stack at sp + 6 slots: 0x00006000006b8540 points into unknown readable memory: 0x011dfff8593868e9 | e9 68 38 59 f8 ff 1d 01
stack at sp + 7 slots: 0x00000003051b25a0 is pointing into the stack for thread: 0x00007f8ba0012000


---------------  P R O C E S S  ---------------

Threads class SMR info:
_java_thread_list=0x00006000008b16c0, length=13, elements={
0x00007f8ba0012000, 0x00007f8b6f808200, 0x00007f8b9f015c00, 0x00007f8b9f016200,
0x00007f8b9f045c00, 0x00007f8b9f046200, 0x00007f8ba0058c00, 0x00007f8b5f808200,
0x00007f8b9f014000, 0x00007f8b6f0b8400, 0x00007f8b9f014600, 0x00007f8b6f0b6e00,
0x00007f8b8f015400
}

Java Threads: ( => current thread )
=>0x00007f8ba0012000 JavaThread "main" [_thread_in_native, id=9219, stack(0x00000003050b3000,0x00000003051b3000)]
  0x00007f8b6f808200 JavaThread "Reference Handler" daemon [_thread_blocked, id=22795, stack(0x00000003057c8000,0x00000003058c8000)]
  0x00007f8b9f015c00 JavaThread "Finalizer" daemon [_thread_blocked, id=23043, stack(0x00000003058cb000,0x00000003059cb000)]
  0x00007f8b9f016200 JavaThread "Signal Dispatcher" daemon [_thread_blocked, id=40195, stack(0x0000000305adf000,0x0000000305bdf000)]
  0x00007f8b9f045c00 JavaThread "Service Thread" daemon [_thread_blocked, id=39939, stack(0x0000000305be2000,0x0000000305ce2000)]
  0x00007f8b9f046200 JavaThread "Monitor Deflation Thread" daemon [_thread_blocked, id=39427, stack(0x0000000305ce5000,0x0000000305de5000)]
  0x00007f8ba0058c00 JavaThread "C2 CompilerThread0" daemon [_thread_blocked, id=25347, stack(0x0000000305de8000,0x0000000305ee8000)]
  0x00007f8b5f808200 JavaThread "C1 CompilerThread0" daemon [_thread_blocked, id=38915, stack(0x0000000305eeb000,0x0000000305feb000)]
  0x00007f8b9f014000 JavaThread "Sweeper thread" daemon [_thread_blocked, id=38403, stack(0x0000000305fee000,0x00000003060ee000)]
  0x00007f8b6f0b8400 JavaThread "Notification Thread" daemon [_thread_blocked, id=25955, stack(0x00000003060f1000,0x00000003061f1000)]
  0x00007f8b9f014600 JavaThread "Common-Cleaner" daemon [_thread_blocked, id=26403, stack(0x00000003062f7000,0x00000003063f7000)]
  0x00007f8b6f0b6e00 JavaThread "AppKit Thread" daemon [_thread_in_native, id=259, stack(0x0000000304830000,0x0000000305030000)]
  0x00007f8b8f015400 JavaThread "AWT-Shutdown" [_thread_blocked, id=85107, stack(0x00000003063fa000,0x00000003064fa000)]

Other Threads:
  0x00007f8b9f8082e0 VMThread "VM Thread" [stack: 0x00000003056c5000,0x00000003057c5000] [id=22019]
  0x00007f8b9f81f250 WatcherThread [stack: 0x00000003061f4000,0x00000003062f4000] [id=37379]
  0x00007f8b9f907370 GCTaskThread "GC Thread#0" [stack: 0x00000003051b6000,0x00000003052b6000] [id=14339]
  0x00007f8b9ef05740 ConcurrentGCThread "G1 Main Marker" [stack: 0x00000003052b9000,0x00000003053b9000] [id=14851]
  0x00007f8b9ef05fc0 ConcurrentGCThread "G1 Conc#0" [stack: 0x00000003053bc000,0x00000003054bc000] [id=15107]
  0x00007f8b9f806b20 ConcurrentGCThread "G1 Refine#0" [stack: 0x00000003054bf000,0x00000003055bf000] [id=18179]
  0x00007f8b8ef04370 ConcurrentGCThread "G1 Service" [stack: 0x00000003055c2000,0x00000003056c2000] [id=17667]

Threads with active compile tasks:

VM state: not at safepoint (normal execution)

VM Mutex/Monitor currently owned by a thread: None

Heap address: 0x0000000700000000, size: 4096 MB, Compressed Oops mode: Zero based, Oop shift amount: 3

CDS archive(s) not mapped
Compressed class space mapped at: 0x0000000800000000-0x0000000840000000, reserved size: 1073741824
Narrow klass base: 0x0000000800000000, Narrow klass shift: 0, Narrow klass range: 0x40000000

GC Precious Log:
 CPUs: 8 total, 8 available
 Memory: 16384M
 Large Page Support: Disabled
 NUMA Support: Disabled
 Compressed Oops: Enabled (Zero based)
 Heap Region Size: 2M
 Heap Min Capacity: 8M
 Heap Initial Capacity: 256M
 Heap Max Capacity: 4G
 Pre-touch: Disabled
 Parallel Workers: 8
 Concurrent Workers: 2
 Concurrent Refinement Workers: 8
 Periodic GC: Disabled

Heap:
 garbage-first heap   total 262144K, used 2048K [0x0000000700000000, 0x0000000800000000)
  region size 2048K, 2 young (4096K), 0 survivors (0K)
 Metaspace       used 7845K, committed 8000K, reserved 1056768K
  class space    used 688K, committed 768K, reserved 1048576K

Heap Regions: E=young(eden), S=young(survivor), O=old, HS=humongous(starts), HC=humongous(continues), CS=collection set, F=free, OA=open archive, CA=closed archive, TAMS=top-at-mark-start (previous, next)
|   0|0x0000000700000000, 0x0000000700000000, 0x0000000700200000|  0%| F|  |TAMS 0x0000000700000000, 0x0000000700000000| Untracked 
|   1|0x0000000700200000, 0x0000000700200000, 0x0000000700400000|  0%| F|  |TAMS 0x0000000700200000, 0x0000000700200000| Untracked 
|   2|0x0000000700400000, 0x0000000700400000, 0x0000000700600000|  0%| F|  |TAMS 0x0000000700400000, 0x0000000700400000| Untracked 
|   3|0x0000000700600000, 0x0000000700600000, 0x0000000700800000|  0%| F|  |TAMS 0x0000000700600000, 0x0000000700600000| Untracked 
|   4|0x0000000700800000, 0x0000000700800000, 0x0000000700a00000|  0%| F|  |TAMS 0x0000000700800000, 0x0000000700800000| Untracked 
|   5|0x0000000700a00000, 0x0000000700a00000, 0x0000000700c00000|  0%| F|  |TAMS 0x0000000700a00000, 0x0000000700a00000| Untracked 
|   6|0x0000000700c00000, 0x0000000700c00000, 0x0000000700e00000|  0%| F|  |TAMS 0x0000000700c00000, 0x0000000700c00000| Untracked 
|   7|0x0000000700e00000, 0x0000000700e00000, 0x0000000701000000|  0%| F|  |TAMS 0x0000000700e00000, 0x0000000700e00000| Untracked 
|   8|0x0000000701000000, 0x0000000701000000, 0x0000000701200000|  0%| F|  |TAMS 0x0000000701000000, 0x0000000701000000| Untracked 
|   9|0x0000000701200000, 0x0000000701200000, 0x0000000701400000|  0%| F|  |TAMS 0x0000000701200000, 0x0000000701200000| Untracked 
|  10|0x0000000701400000, 0x0000000701400000, 0x0000000701600000|  0%| F|  |TAMS 0x0000000701400000, 0x0000000701400000| Untracked 
|  11|0x0000000701600000, 0x0000000701600000, 0x0000000701800000|  0%| F|  |TAMS 0x0000000701600000, 0x0000000701600000| Untracked 
|  12|0x0000000701800000, 0x0000000701800000, 0x0000000701a00000|  0%| F|  |TAMS 0x0000000701800000, 0x0000000701800000| Untracked 
|  13|0x0000000701a00000, 0x0000000701a00000, 0x0000000701c00000|  0%| F|  |TAMS 0x0000000701a00000, 0x0000000701a00000| Untracked 
|  14|0x0000000701c00000, 0x0000000701c00000, 0x0000000701e00000|  0%| F|  |TAMS 0x0000000701c00000, 0x0000000701c00000| Untracked 
|  15|0x0000000701e00000, 0x0000000701e00000, 0x0000000702000000|  0%| F|  |TAMS 0x0000000701e00000, 0x0000000701e00000| Untracked 
|  16|0x0000000702000000, 0x0000000702000000, 0x0000000702200000|  0%| F|  |TAMS 0x0000000702000000, 0x0000000702000000| Untracked 
|  17|0x0000000702200000, 0x0000000702200000, 0x0000000702400000|  0%| F|  |TAMS 0x0000000702200000, 0x0000000702200000| Untracked 
|  18|0x0000000702400000, 0x0000000702400000, 0x0000000702600000|  0%| F|  |TAMS 0x0000000702400000, 0x0000000702400000| Untracked 
|  19|0x0000000702600000, 0x0000000702600000, 0x0000000702800000|  0%| F|  |TAMS 0x0000000702600000, 0x0000000702600000| Untracked 
|  20|0x0000000702800000, 0x0000000702800000, 0x0000000702a00000|  0%| F|  |TAMS 0x0000000702800000, 0x0000000702800000| Untracked 
|  21|0x0000000702a00000, 0x0000000702a00000, 0x0000000702c00000|  0%| F|  |TAMS 0x0000000702a00000, 0x0000000702a00000| Untracked 
|  22|0x0000000702c00000, 0x0000000702c00000, 0x0000000702e00000|  0%| F|  |TAMS 0x0000000702c00000, 0x0000000702c00000| Untracked 
|  23|0x0000000702e00000, 0x0000000702e00000, 0x0000000703000000|  0%| F|  |TAMS 0x0000000702e00000, 0x0000000702e00000| Untracked 
|  24|0x0000000703000000, 0x0000000703000000, 0x0000000703200000|  0%| F|  |TAMS 0x0000000703000000, 0x0000000703000000| Untracked 
|  25|0x0000000703200000, 0x0000000703200000, 0x0000000703400000|  0%| F|  |TAMS 0x0000000703200000, 0x0000000703200000| Untracked 
|  26|0x0000000703400000, 0x0000000703400000, 0x0000000703600000|  0%| F|  |TAMS 0x0000000703400000, 0x0000000703400000| Untracked 
|  27|0x0000000703600000, 0x0000000703600000, 0x0000000703800000|  0%| F|  |TAMS 0x0000000703600000, 0x0000000703600000| Untracked 
|  28|0x0000000703800000, 0x0000000703800000, 0x0000000703a00000|  0%| F|  |TAMS 0x0000000703800000, 0x0000000703800000| Untracked 
|  29|0x0000000703a00000, 0x0000000703a00000, 0x0000000703c00000|  0%| F|  |TAMS 0x0000000703a00000, 0x0000000703a00000| Untracked 
|  30|0x0000000703c00000, 0x0000000703c00000, 0x0000000703e00000|  0%| F|  |TAMS 0x0000000703c00000, 0x0000000703c00000| Untracked 
|  31|0x0000000703e00000, 0x0000000703e00000, 0x0000000704000000|  0%| F|  |TAMS 0x0000000703e00000, 0x0000000703e00000| Untracked 
|  32|0x0000000704000000, 0x0000000704000000, 0x0000000704200000|  0%| F|  |TAMS 0x0000000704000000, 0x0000000704000000| Untracked 
|  33|0x0000000704200000, 0x0000000704200000, 0x0000000704400000|  0%| F|  |TAMS 0x0000000704200000, 0x0000000704200000| Untracked 
|  34|0x0000000704400000, 0x0000000704400000, 0x0000000704600000|  0%| F|  |TAMS 0x0000000704400000, 0x0000000704400000| Untracked 
|  35|0x0000000704600000, 0x0000000704600000, 0x0000000704800000|  0%| F|  |TAMS 0x0000000704600000, 0x0000000704600000| Untracked 
|  36|0x0000000704800000, 0x0000000704800000, 0x0000000704a00000|  0%| F|  |TAMS 0x0000000704800000, 0x0000000704800000| Untracked 
|  37|0x0000000704a00000, 0x0000000704a00000, 0x0000000704c00000|  0%| F|  |TAMS 0x0000000704a00000, 0x0000000704a00000| Untracked 
|  38|0x0000000704c00000, 0x0000000704c00000, 0x0000000704e00000|  0%| F|  |TAMS 0x0000000704c00000, 0x0000000704c00000| Untracked 
|  39|0x0000000704e00000, 0x0000000704e00000, 0x0000000705000000|  0%| F|  |TAMS 0x0000000704e00000, 0x0000000704e00000| Untracked 
|  40|0x0000000705000000, 0x0000000705000000, 0x0000000705200000|  0%| F|  |TAMS 0x0000000705000000, 0x0000000705000000| Untracked 
|  41|0x0000000705200000, 0x0000000705200000, 0x0000000705400000|  0%| F|  |TAMS 0x0000000705200000, 0x0000000705200000| Untracked 
|  42|0x0000000705400000, 0x0000000705400000, 0x0000000705600000|  0%| F|  |TAMS 0x0000000705400000, 0x0000000705400000| Untracked 
|  43|0x0000000705600000, 0x0000000705600000, 0x0000000705800000|  0%| F|  |TAMS 0x0000000705600000, 0x0000000705600000| Untracked 
|  44|0x0000000705800000, 0x0000000705800000, 0x0000000705a00000|  0%| F|  |TAMS 0x0000000705800000, 0x0000000705800000| Untracked 
|  45|0x0000000705a00000, 0x0000000705a00000, 0x0000000705c00000|  0%| F|  |TAMS 0x0000000705a00000, 0x0000000705a00000| Untracked 
|  46|0x0000000705c00000, 0x0000000705c00000, 0x0000000705e00000|  0%| F|  |TAMS 0x0000000705c00000, 0x0000000705c00000| Untracked 
|  47|0x0000000705e00000, 0x0000000705e00000, 0x0000000706000000|  0%| F|  |TAMS 0x0000000705e00000, 0x0000000705e00000| Untracked 
|  48|0x0000000706000000, 0x0000000706000000, 0x0000000706200000|  0%| F|  |TAMS 0x0000000706000000, 0x0000000706000000| Untracked 
|  49|0x0000000706200000, 0x0000000706200000, 0x0000000706400000|  0%| F|  |TAMS 0x0000000706200000, 0x0000000706200000| Untracked 
|  50|0x0000000706400000, 0x0000000706400000, 0x0000000706600000|  0%| F|  |TAMS 0x0000000706400000, 0x0000000706400000| Untracked 
|  51|0x0000000706600000, 0x0000000706600000, 0x0000000706800000|  0%| F|  |TAMS 0x0000000706600000, 0x0000000706600000| Untracked 
|  52|0x0000000706800000, 0x0000000706800000, 0x0000000706a00000|  0%| F|  |TAMS 0x0000000706800000, 0x0000000706800000| Untracked 
|  53|0x0000000706a00000, 0x0000000706a00000, 0x0000000706c00000|  0%| F|  |TAMS 0x0000000706a00000, 0x0000000706a00000| Untracked 
|  54|0x0000000706c00000, 0x0000000706c00000, 0x0000000706e00000|  0%| F|  |TAMS 0x0000000706c00000, 0x0000000706c00000| Untracked 
|  55|0x0000000706e00000, 0x0000000706e00000, 0x0000000707000000|  0%| F|  |TAMS 0x0000000706e00000, 0x0000000706e00000| Untracked 
|  56|0x0000000707000000, 0x0000000707000000, 0x0000000707200000|  0%| F|  |TAMS 0x0000000707000000, 0x0000000707000000| Untracked 
|  57|0x0000000707200000, 0x0000000707200000, 0x0000000707400000|  0%| F|  |TAMS 0x0000000707200000, 0x0000000707200000| Untracked 
|  58|0x0000000707400000, 0x0000000707400000, 0x0000000707600000|  0%| F|  |TAMS 0x0000000707400000, 0x0000000707400000| Untracked 
|  59|0x0000000707600000, 0x0000000707600000, 0x0000000707800000|  0%| F|  |TAMS 0x0000000707600000, 0x0000000707600000| Untracked 
|  60|0x0000000707800000, 0x0000000707800000, 0x0000000707a00000|  0%| F|  |TAMS 0x0000000707800000, 0x0000000707800000| Untracked 
|  61|0x0000000707a00000, 0x0000000707a00000, 0x0000000707c00000|  0%| F|  |TAMS 0x0000000707a00000, 0x0000000707a00000| Untracked 
|  62|0x0000000707c00000, 0x0000000707c00000, 0x0000000707e00000|  0%| F|  |TAMS 0x0000000707c00000, 0x0000000707c00000| Untracked 
|  63|0x0000000707e00000, 0x0000000707e00000, 0x0000000708000000|  0%| F|  |TAMS 0x0000000707e00000, 0x0000000707e00000| Untracked 
|  64|0x0000000708000000, 0x0000000708000000, 0x0000000708200000|  0%| F|  |TAMS 0x0000000708000000, 0x0000000708000000| Untracked 
|  65|0x0000000708200000, 0x0000000708200000, 0x0000000708400000|  0%| F|  |TAMS 0x0000000708200000, 0x0000000708200000| Untracked 
|  66|0x0000000708400000, 0x0000000708400000, 0x0000000708600000|  0%| F|  |TAMS 0x0000000708400000, 0x0000000708400000| Untracked 
|  67|0x0000000708600000, 0x0000000708600000, 0x0000000708800000|  0%| F|  |TAMS 0x0000000708600000, 0x0000000708600000| Untracked 
|  68|0x0000000708800000, 0x0000000708800000, 0x0000000708a00000|  0%| F|  |TAMS 0x0000000708800000, 0x0000000708800000| Untracked 
|  69|0x0000000708a00000, 0x0000000708a00000, 0x0000000708c00000|  0%| F|  |TAMS 0x0000000708a00000, 0x0000000708a00000| Untracked 
|  70|0x0000000708c00000, 0x0000000708c00000, 0x0000000708e00000|  0%| F|  |TAMS 0x0000000708c00000, 0x0000000708c00000| Untracked 
|  71|0x0000000708e00000, 0x0000000708e00000, 0x0000000709000000|  0%| F|  |TAMS 0x0000000708e00000, 0x0000000708e00000| Untracked 
|  72|0x0000000709000000, 0x0000000709000000, 0x0000000709200000|  0%| F|  |TAMS 0x0000000709000000, 0x0000000709000000| Untracked 
|  73|0x0000000709200000, 0x0000000709200000, 0x0000000709400000|  0%| F|  |TAMS 0x0000000709200000, 0x0000000709200000| Untracked 
|  74|0x0000000709400000, 0x0000000709400000, 0x0000000709600000|  0%| F|  |TAMS 0x0000000709400000, 0x0000000709400000| Untracked 
|  75|0x0000000709600000, 0x0000000709600000, 0x0000000709800000|  0%| F|  |TAMS 0x0000000709600000, 0x0000000709600000| Untracked 
|  76|0x0000000709800000, 0x0000000709800000, 0x0000000709a00000|  0%| F|  |TAMS 0x0000000709800000, 0x0000000709800000| Untracked 
|  77|0x0000000709a00000, 0x0000000709a00000, 0x0000000709c00000|  0%| F|  |TAMS 0x0000000709a00000, 0x0000000709a00000| Untracked 
|  78|0x0000000709c00000, 0x0000000709c00000, 0x0000000709e00000|  0%| F|  |TAMS 0x0000000709c00000, 0x0000000709c00000| Untracked 
|  79|0x0000000709e00000, 0x0000000709e00000, 0x000000070a000000|  0%| F|  |TAMS 0x0000000709e00000, 0x0000000709e00000| Untracked 
|  80|0x000000070a000000, 0x000000070a000000, 0x000000070a200000|  0%| F|  |TAMS 0x000000070a000000, 0x000000070a000000| Untracked 
|  81|0x000000070a200000, 0x000000070a200000, 0x000000070a400000|  0%| F|  |TAMS 0x000000070a200000, 0x000000070a200000| Untracked 
|  82|0x000000070a400000, 0x000000070a400000, 0x000000070a600000|  0%| F|  |TAMS 0x000000070a400000, 0x000000070a400000| Untracked 
|  83|0x000000070a600000, 0x000000070a600000, 0x000000070a800000|  0%| F|  |TAMS 0x000000070a600000, 0x000000070a600000| Untracked 
|  84|0x000000070a800000, 0x000000070a800000, 0x000000070aa00000|  0%| F|  |TAMS 0x000000070a800000, 0x000000070a800000| Untracked 
|  85|0x000000070aa00000, 0x000000070aa00000, 0x000000070ac00000|  0%| F|  |TAMS 0x000000070aa00000, 0x000000070aa00000| Untracked 
|  86|0x000000070ac00000, 0x000000070ac00000, 0x000000070ae00000|  0%| F|  |TAMS 0x000000070ac00000, 0x000000070ac00000| Untracked 
|  87|0x000000070ae00000, 0x000000070ae00000, 0x000000070b000000|  0%| F|  |TAMS 0x000000070ae00000, 0x000000070ae00000| Untracked 
|  88|0x000000070b000000, 0x000000070b000000, 0x000000070b200000|  0%| F|  |TAMS 0x000000070b000000, 0x000000070b000000| Untracked 
|  89|0x000000070b200000, 0x000000070b200000, 0x000000070b400000|  0%| F|  |TAMS 0x000000070b200000, 0x000000070b200000| Untracked 
|  90|0x000000070b400000, 0x000000070b400000, 0x000000070b600000|  0%| F|  |TAMS 0x000000070b400000, 0x000000070b400000| Untracked 
|  91|0x000000070b600000, 0x000000070b600000, 0x000000070b800000|  0%| F|  |TAMS 0x000000070b600000, 0x000000070b600000| Untracked 
|  92|0x000000070b800000, 0x000000070b800000, 0x000000070ba00000|  0%| F|  |TAMS 0x000000070b800000, 0x000000070b800000| Untracked 
|  93|0x000000070ba00000, 0x000000070ba00000, 0x000000070bc00000|  0%| F|  |TAMS 0x000000070ba00000, 0x000000070ba00000| Untracked 
|  94|0x000000070bc00000, 0x000000070bc00000, 0x000000070be00000|  0%| F|  |TAMS 0x000000070bc00000, 0x000000070bc00000| Untracked 
|  95|0x000000070be00000, 0x000000070be00000, 0x000000070c000000|  0%| F|  |TAMS 0x000000070be00000, 0x000000070be00000| Untracked 
|  96|0x000000070c000000, 0x000000070c000000, 0x000000070c200000|  0%| F|  |TAMS 0x000000070c000000, 0x000000070c000000| Untracked 
|  97|0x000000070c200000, 0x000000070c200000, 0x000000070c400000|  0%| F|  |TAMS 0x000000070c200000, 0x000000070c200000| Untracked 
|  98|0x000000070c400000, 0x000000070c400000, 0x000000070c600000|  0%| F|  |TAMS 0x000000070c400000, 0x000000070c400000| Untracked 
|  99|0x000000070c600000, 0x000000070c600000, 0x000000070c800000|  0%| F|  |TAMS 0x000000070c600000, 0x000000070c600000| Untracked 
| 100|0x000000070c800000, 0x000000070c800000, 0x000000070ca00000|  0%| F|  |TAMS 0x000000070c800000, 0x000000070c800000| Untracked 
| 101|0x000000070ca00000, 0x000000070ca00000, 0x000000070cc00000|  0%| F|  |TAMS 0x000000070ca00000, 0x000000070ca00000| Untracked 
| 102|0x000000070cc00000, 0x000000070cc00000, 0x000000070ce00000|  0%| F|  |TAMS 0x000000070cc00000, 0x000000070cc00000| Untracked 
| 103|0x000000070ce00000, 0x000000070ce00000, 0x000000070d000000|  0%| F|  |TAMS 0x000000070ce00000, 0x000000070ce00000| Untracked 
| 104|0x000000070d000000, 0x000000070d000000, 0x000000070d200000|  0%| F|  |TAMS 0x000000070d000000, 0x000000070d000000| Untracked 
| 105|0x000000070d200000, 0x000000070d200000, 0x000000070d400000|  0%| F|  |TAMS 0x000000070d200000, 0x000000070d200000| Untracked 
| 106|0x000000070d400000, 0x000000070d400000, 0x000000070d600000|  0%| F|  |TAMS 0x000000070d400000, 0x000000070d400000| Untracked 
| 107|0x000000070d600000, 0x000000070d600000, 0x000000070d800000|  0%| F|  |TAMS 0x000000070d600000, 0x000000070d600000| Untracked 
| 108|0x000000070d800000, 0x000000070d800000, 0x000000070da00000|  0%| F|  |TAMS 0x000000070d800000, 0x000000070d800000| Untracked 
| 109|0x000000070da00000, 0x000000070da00000, 0x000000070dc00000|  0%| F|  |TAMS 0x000000070da00000, 0x000000070da00000| Untracked 
| 110|0x000000070dc00000, 0x000000070dc00000, 0x000000070de00000|  0%| F|  |TAMS 0x000000070dc00000, 0x000000070dc00000| Untracked 
| 111|0x000000070de00000, 0x000000070de00000, 0x000000070e000000|  0%| F|  |TAMS 0x000000070de00000, 0x000000070de00000| Untracked 
| 112|0x000000070e000000, 0x000000070e000000, 0x000000070e200000|  0%| F|  |TAMS 0x000000070e000000, 0x000000070e000000| Untracked 
| 113|0x000000070e200000, 0x000000070e200000, 0x000000070e400000|  0%| F|  |TAMS 0x000000070e200000, 0x000000070e200000| Untracked 
| 114|0x000000070e400000, 0x000000070e400000, 0x000000070e600000|  0%| F|  |TAMS 0x000000070e400000, 0x000000070e400000| Untracked 
| 115|0x000000070e600000, 0x000000070e600000, 0x000000070e800000|  0%| F|  |TAMS 0x000000070e600000, 0x000000070e600000| Untracked 
| 116|0x000000070e800000, 0x000000070e800000, 0x000000070ea00000|  0%| F|  |TAMS 0x000000070e800000, 0x000000070e800000| Untracked 
| 117|0x000000070ea00000, 0x000000070ea00000, 0x000000070ec00000|  0%| F|  |TAMS 0x000000070ea00000, 0x000000070ea00000| Untracked 
| 118|0x000000070ec00000, 0x000000070ec00000, 0x000000070ee00000|  0%| F|  |TAMS 0x000000070ec00000, 0x000000070ec00000| Untracked 
| 119|0x000000070ee00000, 0x000000070ee00000, 0x000000070f000000|  0%| F|  |TAMS 0x000000070ee00000, 0x000000070ee00000| Untracked 
| 120|0x000000070f000000, 0x000000070f000000, 0x000000070f200000|  0%| F|  |TAMS 0x000000070f000000, 0x000000070f000000| Untracked 
| 121|0x000000070f200000, 0x000000070f200000, 0x000000070f400000|  0%| F|  |TAMS 0x000000070f200000, 0x000000070f200000| Untracked 
| 122|0x000000070f400000, 0x000000070f400000, 0x000000070f600000|  0%| F|  |TAMS 0x000000070f400000, 0x000000070f400000| Untracked 
| 123|0x000000070f600000, 0x000000070f600000, 0x000000070f800000|  0%| F|  |TAMS 0x000000070f600000, 0x000000070f600000| Untracked 
| 124|0x000000070f800000, 0x000000070f800000, 0x000000070fa00000|  0%| F|  |TAMS 0x000000070f800000, 0x000000070f800000| Untracked 
| 125|0x000000070fa00000, 0x000000070fa00000, 0x000000070fc00000|  0%| F|  |TAMS 0x000000070fa00000, 0x000000070fa00000| Untracked 
| 126|0x000000070fc00000, 0x000000070fe00000, 0x000000070fe00000|100%| E|  |TAMS 0x000000070fc00000, 0x000000070fc00000| Complete 
| 127|0x000000070fe00000, 0x0000000710000000, 0x0000000710000000|100%| E|CS|TAMS 0x000000070fe00000, 0x000000070fe00000| Complete 

Card table byte_map: [0x000000011ef63000,0x000000011f763000] _byte_map_base: 0x000000011b763000

Marking Bits (Prev, Next): (CMBitMap*) 0x00007f8b9f00d610, (CMBitMap*) 0x00007f8b9f00d650
 Prev Bits: [0x000000011ff63000, 0x0000000123f63000)
 Next Bits: [0x0000000123f63000, 0x0000000127f63000)

Polling page: 0x00000001006bf000

Metaspace:

Usage:
  Non-class:      6.99 MB used.
      Class:    688.89 KB used.
       Both:      7.66 MB used.

Virtual space:
  Non-class space:        8.00 MB reserved,       7.06 MB ( 88%) committed,  1 nodes.
      Class space:        1.00 GB reserved,     768.00 KB ( <1%) committed,  1 nodes.
             Both:        1.01 GB reserved,       7.81 MB ( <1%) committed. 

Chunk freelists:
   Non-Class:  848.00 KB
       Class:  3.22 MB
        Both:  4.05 MB

MaxMetaspaceSize: unlimited
CompressedClassSpaceSize: 1.00 GB
Initial GC threshold: 21.00 MB
Current GC threshold: 21.00 MB
CDS: off
MetaspaceReclaimPolicy: balanced
 - commit_granule_bytes: 65536.
 - commit_granule_words: 8192.
 - virtual_space_node_default_size: 1048576.
 - enlarge_chunks_in_place: 1.
 - new_chunks_are_fully_committed: 0.
 - uncommit_free_chunks: 1.
 - use_allocation_guard: 0.
 - handle_deallocations: 1.


Internal statistics:

num_allocs_failed_limit: 0.
num_arena_births: 46.
num_arena_deaths: 0.
num_vsnodes_births: 2.
num_vsnodes_deaths: 0.
num_space_committed: 125.
num_space_uncommitted: 0.
num_chunks_returned_to_freelist: 0.
num_chunks_taken_from_freelist: 85.
num_chunk_merges: 0.
num_chunk_splits: 49.
num_chunks_enlarged: 26.
num_purges: 0.
num_inconsistent_stats: 0.

CodeHeap 'non-profiled nmethods': size=120028Kb used=107Kb max_used=107Kb free=119920Kb
 bounds [0x0000000117a2c000, 0x0000000117c9c000, 0x000000011ef63000]
CodeHeap 'profiled nmethods': size=120028Kb used=472Kb max_used=472Kb free=119555Kb
 bounds [0x00000001104f5000, 0x0000000110765000, 0x0000000117a2c000]
CodeHeap 'non-nmethods': size=5704Kb used=1105Kb max_used=1119Kb free=4598Kb
 bounds [0x000000010ff63000, 0x00000001101d3000, 0x00000001104f5000]
 total_blobs=742 nmethods=353 adapters=304
 compilation: enabled
              stopped_count=0, restarted_count=0
 full_count=0

Compilation events (20 events):
Event: 0.658 Thread 0x00007f8b5f808200  346       3       java.lang.reflect.Field::setFieldAccessor (34 bytes)
Event: 0.658 Thread 0x00007f8b5f808200 nmethod 346 0x0000000110569510 code [0x00000001105696e0, 0x0000000110569b20]
Event: 0.658 Thread 0x00007f8b5f808200  345       1       java.lang.reflect.Field::getRoot (5 bytes)
Event: 0.659 Thread 0x00007f8b5f808200 nmethod 345 0x0000000117a46290 code [0x0000000117a46420, 0x0000000117a464f0]
Event: 0.659 Thread 0x00007f8b5f808200  347       1       java.lang.reflect.Method::getName (5 bytes)
Event: 0.660 Thread 0x00007f8b5f808200 nmethod 347 0x0000000117a46590 code [0x0000000117a46720, 0x0000000117a467f0]
Event: 0.661 Thread 0x00007f8b5f808200  348       3       java.lang.Short::<init> (10 bytes)
Event: 0.661 Thread 0x00007f8b5f808200 nmethod 348 0x0000000110569c10 code [0x0000000110569dc0, 0x0000000110569f90]
Event: 0.661 Thread 0x00007f8b5f808200  349       3       java.lang.Integer::valueOf (32 bytes)
Event: 0.661 Thread 0x00007f8b5f808200 nmethod 349 0x000000011056a090 code [0x000000011056a260, 0x000000011056a570]
Event: 0.661 Thread 0x00007f8b5f808200  350       3       java.nio.Buffer::remaining (20 bytes)
Event: 0.662 Thread 0x00007f8b5f808200 nmethod 350 0x000000011056a690 code [0x000000011056a840, 0x000000011056a9d0]
Event: 0.662 Thread 0x00007f8b5f808200  351       1       java.security.CodeSource::getLocation (5 bytes)
Event: 0.663 Thread 0x00007f8b5f808200 nmethod 351 0x0000000117a46890 code [0x0000000117a46a20, 0x0000000117a46af0]
Event: 0.663 Thread 0x00007f8b5f808200  352       3       java.util.zip.Inflater::ensureOpen (47 bytes)
Event: 0.663 Thread 0x00007f8b5f808200 nmethod 352 0x000000011056aa90 code [0x000000011056ac40, 0x000000011056aea0]
Event: 0.663 Thread 0x00007f8b5f808200  353       3       java.util.zip.ZipFile$Source::getEntryHash (7 bytes)
Event: 0.663 Thread 0x00007f8b5f808200 nmethod 353 0x000000011056af90 code [0x000000011056b120, 0x000000011056b250]
Event: 0.663 Thread 0x00007f8ba0058c00  354       4       java.util.concurrent.ConcurrentHashMap::tabAt (22 bytes)
Event: 0.664 Thread 0x00007f8ba0058c00 nmethod 354 0x0000000117a46b90 code [0x0000000117a46d00, 0x0000000117a46d78]

GC Heap History (0 events):
No events

Deoptimization events (0 events):
No events

Classes unloaded (0 events):
No events

Classes redefined (0 events):
No events

Internal exceptions (5 events):
Event: 0.198 Thread 0x00007f8ba0012000 Exception <a 'java/lang/ClassNotFoundException'{0x000000070fc01b58}: sun/awt/resources/spi/awtProvider> (0x000000070fc01b58) 
thrown [src/hotspot/share/classfile/systemDictionary.cpp, line 256]
Event: 0.316 Thread 0x00007f8ba0012000 Exception <a 'java/io/FileNotFoundException'{0x000000070fc5e838}> (0x000000070fc5e838) 
thrown [src/hotspot/share/prims/jni.cpp, line 516]
Event: 0.336 Thread 0x00007f8ba0012000 Exception <a 'java/io/FileNotFoundException'{0x000000070fc8b950}> (0x000000070fc8b950) 
thrown [src/hotspot/share/prims/jni.cpp, line 516]
Event: 0.338 Thread 0x00007f8ba0012000 Exception <a 'java/lang/NoSuchMethodError'{0x000000070fc8d040}: 'java.lang.Object java.lang.invoke.DirectMethodHandle$Holder.invokeStaticInit(java.lang.Object)'> (0x000000070fc8d040) 
thrown [src/hotspot/share/interpreter/linkResolver.cpp, line 766]
Event: 0.347 Thread 0x00007f8ba0012000 Exception <a 'java/lang/ClassNotFoundException'{0x000000070fc97380}: sun/awt/resources/spi/awtosxProvider> (0x000000070fc97380) 
thrown [src/hotspot/share/classfile/systemDictionary.cpp, line 256]

VM Operations (2 events):
Event: 0.138 Executing VM operation: HandshakeAllThreads
Event: 0.138 Executing VM operation: HandshakeAllThreads done

Events (20 events):
Event: 0.647 loading class java/awt/geom/Point2D done
Event: 0.647 loading class java/awt/Point done
Event: 0.647 loading class java/awt/Image
Event: 0.647 loading class java/awt/Image done
Event: 0.647 loading class java/awt/image/BufferedImage
Event: 0.647 loading class java/awt/image/WritableRenderedImage
Event: 0.647 loading class java/awt/image/RenderedImage
Event: 0.648 loading class java/awt/image/RenderedImage done
Event: 0.648 loading class java/awt/image/WritableRenderedImage done
Event: 0.648 loading class java/awt/Transparency
Event: 0.648 loading class java/awt/Transparency done
Event: 0.648 loading class java/awt/image/BufferedImage done
Event: 0.654 loading class java/util/LinkedHashSet
Event: 0.654 loading class java/util/LinkedHashSet done
Event: 0.656 loading class jdk/internal/reflect/UnsafeQualifiedStaticIntegerFieldAccessorImpl
Event: 0.656 loading class jdk/internal/reflect/UnsafeQualifiedStaticIntegerFieldAccessorImpl done
Event: 0.660 loading class java/lang/Short$ShortCache
Event: 0.661 loading class java/lang/Short$ShortCache done
Event: 0.664 loading class java/lang/NumberFormatException
Event: 0.664 loading class java/lang/NumberFormatException done


Dynamic libraries:
0x0000000108cf0000 	/Users/grzegorzjaskula/.p2/pool/plugins/org.eclipse.justj.openjdk.hotspot.jre.full.macosx.x86_64_17.0.3.v20220515-1416/jre/lib/libjli.dylib
0x00007ff822edd000 	/usr/lib/libz.1.dylib
0x00007ff822fc3000 	/usr/lib/libSystem.B.dylib
0x00007ff822fbe000 	/usr/lib/system/libcache.dylib
0x00007ff822f7a000 	/usr/lib/system/libcommonCrypto.dylib
0x00007ff822fa3000 	/usr/lib/system/libcompiler_rt.dylib
0x00007ff822f99000 	/usr/lib/system/libcopyfile.dylib
0x00007ff817b5d000 	/usr/lib/system/libcorecrypto.dylib
0x00007ff817c1b000 	/usr/lib/system/libdispatch.dylib
0x00007ff817ddb000 	/usr/lib/system/libdyld.dylib
0x00007ff822fb5000 	/usr/lib/system/libkeymgr.dylib
0x00007ff822f58000 	/usr/lib/system/libmacho.dylib
0x00007ff8225d3000 	/usr/lib/system/libquarantine.dylib
0x00007ff822fb3000 	/usr/lib/system/libremovefile.dylib
0x00007ff81cca6000 	/usr/lib/system/libsystem_asl.dylib
0x00007ff817b06000 	/usr/lib/system/libsystem_blocks.dylib
0x00007ff817c9f000 	/usr/lib/system/libsystem_c.dylib
0x00007ff822fab000 	/usr/lib/system/libsystem_collections.dylib
0x00007ff821905000 	/usr/lib/system/libsystem_configuration.dylib
0x00007ff820bae000 	/usr/lib/system/libsystem_containermanager.dylib
0x00007ff822c8a000 	/usr/lib/system/libsystem_coreservices.dylib
0x00007ff81a347000 	/usr/lib/system/libsystem_darwin.dylib
0x00007ff822fb6000 	/usr/lib/system/libsystem_dnssd.dylib
0x00007ff817c9c000 	/usr/lib/system/libsystem_featureflags.dylib
0x00007ff817df1000 	/usr/lib/system/libsystem_info.dylib
0x00007ff822ef0000 	/usr/lib/system/libsystem_m.dylib
0x00007ff817bef000 	/usr/lib/system/libsystem_malloc.dylib
0x00007ff81cc41000 	/usr/lib/system/libsystem_networkextension.dylib
0x00007ff81a76d000 	/usr/lib/system/libsystem_notify.dylib
0x00007ff8292ef000 	/usr/lib/system/libsystem_product_info_filter.dylib
0x00007ff821909000 	/usr/lib/system/libsystem_sandbox.dylib
0x00007ff822fb0000 	/usr/lib/system/libsystem_secinit.dylib
0x00007ff817d97000 	/usr/lib/system/libsystem_kernel.dylib
0x00007ff817de7000 	/usr/lib/system/libsystem_platform.dylib
0x00007ff817dcf000 	/usr/lib/system/libsystem_pthread.dylib
0x00007ff81e563000 	/usr/lib/system/libsystem_symptoms.dylib
0x00007ff817b44000 	/usr/lib/system/libsystem_trace.dylib
0x00007ff822f86000 	/usr/lib/system/libunwind.dylib
0x00007ff817b08000 	/usr/lib/system/libxpc.dylib
0x00007ff817d81000 	/usr/lib/libc++abi.dylib
0x00007ff817c62000 	/usr/lib/libobjc.A.dylib
0x00007ff822f91000 	/usr/lib/liboah.dylib
0x00007ff817d28000 	/usr/lib/libc++.1.dylib
0x00007ff82f0f0000 	/System/Library/Frameworks/Cocoa.framework/Versions/A/Cocoa
0x00007ff81a7cb000 	/System/Library/Frameworks/AppKit.framework/Versions/C/AppKit
0x00007ff81dd40000 	/System/Library/Frameworks/CoreData.framework/Versions/A/CoreData
0x00007ff818bce000 	/System/Library/Frameworks/Foundation.framework/Versions/C/Foundation
0x00007ff81b65b000 	/System/Library/PrivateFrameworks/UIFoundation.framework/Versions/A/UIFoundation
0x00007ff828ff2000 	/System/Library/PrivateFrameworks/RemoteViewServices.framework/Versions/A/RemoteViewServices
0x00007ff82128f000 	/System/Library/PrivateFrameworks/XCTTargetBootstrap.framework/Versions/A/XCTTargetBootstrap
0x00007ff824e88000 	/System/Library/PrivateFrameworks/InternationalSupport.framework/Versions/A/InternationalSupport
0x00007ff824f12000 	/System/Library/PrivateFrameworks/UserActivity.framework/Versions/A/UserActivity
0x00007ff82426c000 	/usr/lib/libspindump.dylib
0x00007ff81b8ea000 	/System/Library/Frameworks/UniformTypeIdentifiers.framework/Versions/A/UniformTypeIdentifiers
0x00007ff81f9b3000 	/usr/lib/libapp_launch_measurement.dylib
0x00007ff81e723000 	/System/Library/PrivateFrameworks/CoreAnalytics.framework/Versions/A/CoreAnalytics
0x00007ff81f9b6000 	/System/Library/PrivateFrameworks/CoreAutoLayout.framework/Versions/A/CoreAutoLayout
0x00007ff820be6000 	/System/Library/Frameworks/Metal.framework/Versions/A/Metal
0x00007ff821915000 	/usr/lib/liblangid.dylib
0x00007ff821294000 	/System/Library/PrivateFrameworks/CoreSVG.framework/Versions/A/CoreSVG
0x00007ff81ccd6000 	/System/Library/PrivateFrameworks/SkyLight.framework/Versions/A/SkyLight
0x00007ff81d075000 	/System/Library/Frameworks/CoreGraphics.framework/Versions/A/CoreGraphics
0x00007ff8296b2000 	/System/Library/Frameworks/Accelerate.framework/Versions/A/Accelerate
0x00007ff823ceb000 	/System/Library/PrivateFrameworks/IconServices.framework/Versions/A/IconServices
0x00007ff820bcb000 	/System/Library/Frameworks/IOSurface.framework/Versions/A/IOSurface
0x00007ff81e751000 	/usr/lib/libDiagnosticMessagesClient.dylib
0x00007ff82cd94000 	/System/Library/Frameworks/ApplicationServices.framework/Versions/A/ApplicationServices
0x00007ff82127b000 	/System/Library/PrivateFrameworks/DFRFoundation.framework/Versions/A/DFRFoundation
0x00007ff81a0b3000 	/usr/lib/libicucore.A.dylib
0x00007ff825c7e000 	/System/Library/Frameworks/AudioToolbox.framework/Versions/A/AudioToolbox
0x00007ff824e94000 	/System/Library/PrivateFrameworks/DataDetectorsCore.framework/Versions/A/DataDetectorsCore
0x00007ff9210f5000 	/System/Library/PrivateFrameworks/TextInput.framework/Versions/A/TextInput
0x00007ff81cc59000 	/usr/lib/libMobileGestalt.dylib
0x00007ff820f87000 	/System/Library/Frameworks/Carbon.framework/Versions/A/Frameworks/HIToolbox.framework/Versions/A/HIToolbox
0x00007ff81f3b6000 	/System/Library/Frameworks/QuartzCore.framework/Versions/A/QuartzCore
0x00007ff819d58000 	/System/Library/Frameworks/Security.framework/Versions/A/Security
0x00007ff82902a000 	/System/Library/Frameworks/Carbon.framework/Versions/A/Frameworks/SpeechRecognition.framework/Versions/A/SpeechRecognition
0x00007ff81f713000 	/System/Library/PrivateFrameworks/CoreUI.framework/Versions/A/CoreUI
0x00007ff819622000 	/System/Library/Frameworks/CoreAudio.framework/Versions/A/CoreAudio
0x00007ff81e840000 	/System/Library/Frameworks/DiskArbitration.framework/Versions/A/DiskArbitration
0x00007ff824658000 	/System/Library/PrivateFrameworks/MultitouchSupport.framework/Versions/A/MultitouchSupport
0x00007ff81cc58000 	/usr/lib/libenergytrace.dylib
0x00007ff81a6b7000 	/System/Library/Frameworks/IOKit.framework/Versions/A/IOKit
0x00007ff82941a000 	/System/Library/Frameworks/CoreServices.framework/Versions/A/CoreServices
0x00007ff81f94d000 	/System/Library/PrivateFrameworks/PerformanceAnalysis.framework/Versions/A/PerformanceAnalysis
0x00007ffa30bd1000 	/System/Library/Frameworks/OpenGL.framework/Versions/A/OpenGL
0x00007ff8224f9000 	/System/Library/PrivateFrameworks/MobileKeyBag.framework/Versions/A/MobileKeyBag
0x00007ff81d79f000 	/System/Library/Frameworks/ColorSync.framework/Versions/A/ColorSync
0x00007ff817e1c000 	/System/Library/Frameworks/CoreFoundation.framework/Versions/A/CoreFoundation
0x00007ff82150b000 	/System/Library/Frameworks/CoreImage.framework/Versions/A/CoreImage
0x00007ff819436000 	/System/Library/Frameworks/CoreText.framework/Versions/A/CoreText
0x00007ff8212c4000 	/System/Library/Frameworks/ImageIO.framework/Versions/A/ImageIO
0x00007ff822fc9000 	/System/Library/PrivateFrameworks/SoftLinking.framework/Versions/A/SoftLinking
0x00007ff81f9fe000 	/usr/lib/libxml2.2.dylib
0x00007ff82324a000 	/usr/lib/libcompression.dylib
0x00007ff824dbb000 	/System/Library/PrivateFrameworks/TextureIO.framework/Versions/A/TextureIO
0x00007ff823964000 	/usr/lib/libate.dylib
0x00007ff823722000 	/usr/lib/liblzma.5.dylib
0x00007ff8188e0000 	/System/Library/Frameworks/SystemConfiguration.framework/Versions/A/SystemConfiguration
0x00007ff822fc5000 	/usr/lib/libfakelink.dylib
0x00007ff81c7b1000 	/System/Library/Frameworks/CFNetwork.framework/Versions/A/CFNetwork
0x00007ff823106000 	/usr/lib/libarchive.2.dylib
0x00007ff821911000 	/System/Library/PrivateFrameworks/AppleSystemInfo.framework/Versions/A/AppleSystemInfo
0x00007ff8225fa000 	/usr/lib/libbsm.0.dylib
0x00007ff81bdc0000 	/usr/lib/libnetwork.dylib
0x00007ff822f5e000 	/usr/lib/system/libkxld.dylib
0x00007ff82222d000 	/System/Library/PrivateFrameworks/IOMobileFramebuffer.framework/Versions/A/IOMobileFramebuffer
0x00007ffb3058b000 	/usr/lib/libCoreEntitlements.dylib
0x00007ff822c6c000 	/System/Library/PrivateFrameworks/AppleFSCompression.framework/Versions/A/AppleFSCompression
0x00007ff8225e2000 	/usr/lib/libcoretls.dylib
0x00007ff82373c000 	/usr/lib/libcoretls_cfhelpers.dylib
0x00007ff823245000 	/usr/lib/libpam.2.dylib
0x00007ff81e185000 	/usr/lib/libsqlite3.dylib
0x00007ff8237ab000 	/usr/lib/libxar.1.dylib
0x00007ff822c7c000 	/usr/lib/libbz2.1.0.dylib
0x00007ff822fca000 	/usr/lib/libpcap.A.dylib
0x00007ff81e55b000 	/usr/lib/libdns_services.dylib
0x00007ff823218000 	/usr/lib/libapple_nghttp2.dylib
0x00007ff823004000 	/usr/lib/libiconv.2.dylib
0x00007ff822f57000 	/usr/lib/libcharset.1.dylib
0x00007ff81f981000 	/System/Library/Frameworks/CoreServices.framework/Versions/A/Frameworks/FSEvents.framework/Versions/A/FSEvents
0x00007ff81a351000 	/System/Library/Frameworks/CoreServices.framework/Versions/A/Frameworks/CarbonCore.framework/Versions/A/CarbonCore
0x00007ff81e7a4000 	/System/Library/Frameworks/CoreServices.framework/Versions/A/Frameworks/Metadata.framework/Versions/A/Metadata
0x00007ff822c8f000 	/System/Library/Frameworks/CoreServices.framework/Versions/A/Frameworks/OSServices.framework/Versions/A/OSServices
0x00007ff82318d000 	/System/Library/Frameworks/CoreServices.framework/Versions/A/Frameworks/SearchKit.framework/Versions/A/SearchKit
0x00007ff81e4ed000 	/System/Library/Frameworks/CoreServices.framework/Versions/A/Frameworks/AE.framework/Versions/A/AE
0x00007ff81831d000 	/System/Library/Frameworks/CoreServices.framework/Versions/A/Frameworks/LaunchServices.framework/Versions/A/LaunchServices
0x00007ff8236d3000 	/System/Library/Frameworks/CoreServices.framework/Versions/A/Frameworks/DictionaryServices.framework/Versions/A/DictionaryServices
0x00007ff81f98e000 	/System/Library/Frameworks/CoreServices.framework/Versions/A/Frameworks/SharedFileList.framework/Versions/A/SharedFileList
0x00007ff8225d6000 	/usr/lib/libCheckFix.dylib
0x00007ff81ccbd000 	/System/Library/PrivateFrameworks/TCC.framework/Versions/A/TCC
0x00007ff821917000 	/System/Library/PrivateFrameworks/CoreNLP.framework/Versions/A/CoreNLP
0x00007ff81e754000 	/System/Library/PrivateFrameworks/MetadataUtilities.framework/Versions/A/MetadataUtilities
0x00007ff818991000 	/usr/lib/libmecabra.dylib
0x00007ff82260a000 	/usr/lib/libmecab.dylib
0x00007ff81895c000 	/usr/lib/libCRFSuite.dylib
0x00007ff822664000 	/usr/lib/libgermantok.dylib
0x00007ff8231f3000 	/usr/lib/libThaiTokenizer.dylib
0x00007ff81e847000 	/System/Library/Frameworks/Accelerate.framework/Versions/A/Frameworks/vImage.framework/Versions/A/vImage
0x00007ff8293f1000 	/System/Library/Frameworks/Accelerate.framework/Versions/A/Frameworks/vecLib.framework/Versions/A/vecLib
0x00007ff8237ec000 	/System/Library/Frameworks/Accelerate.framework/Versions/A/Frameworks/vecLib.framework/Versions/A/libvMisc.dylib
0x00007ff82202c000 	/System/Library/Frameworks/Accelerate.framework/Versions/A/Frameworks/vecLib.framework/Versions/A/libvDSP.dylib
0x00007ff818698000 	/System/Library/Frameworks/Accelerate.framework/Versions/A/Frameworks/vecLib.framework/Versions/A/libBLAS.dylib
0x00007ff823328000 	/System/Library/Frameworks/Accelerate.framework/Versions/A/Frameworks/vecLib.framework/Versions/A/libLAPACK.dylib
0x00007ff822667000 	/System/Library/Frameworks/Accelerate.framework/Versions/A/Frameworks/vecLib.framework/Versions/A/libLinearAlgebra.dylib
0x00007ff823230000 	/System/Library/Frameworks/Accelerate.framework/Versions/A/Frameworks/vecLib.framework/Versions/A/libSparseBLAS.dylib
0x00007ff823322000 	/System/Library/Frameworks/Accelerate.framework/Versions/A/Frameworks/vecLib.framework/Versions/A/libQuadrature.dylib
0x00007ff821a02000 	/System/Library/Frameworks/Accelerate.framework/Versions/A/Frameworks/vecLib.framework/Versions/A/libBNNS.dylib
0x00007ff81886a000 	/System/Library/Frameworks/Accelerate.framework/Versions/A/Frameworks/vecLib.framework/Versions/A/libSparse.dylib
0x00007ff8219fb000 	/System/Library/PrivateFrameworks/LinguisticData.framework/Versions/A/LinguisticData
0x00007ff818820000 	/System/Library/PrivateFrameworks/Lexicon.framework/Versions/A/Lexicon
0x00007ff8237e5000 	/usr/lib/libChineseTokenizer.dylib
0x00007ff818f8b000 	/System/Library/PrivateFrameworks/LanguageModeling.framework/Versions/A/LanguageModeling
0x00007ff8231f5000 	/System/Library/PrivateFrameworks/AppleSauce.framework/Versions/A/AppleSauce
0x00007ff82221b000 	/System/Library/PrivateFrameworks/CoreEmoji.framework/Versions/A/CoreEmoji
0x00007ff8230f5000 	/usr/lib/libcmph.dylib
0x00007ff81f965000 	/System/Library/Frameworks/OpenDirectory.framework/Versions/A/Frameworks/CFOpenDirectory.framework/Versions/A/CFOpenDirectory
0x00007ff81f959000 	/System/Library/Frameworks/OpenDirectory.framework/Versions/A/OpenDirectory
0x00007ff82373e000 	/System/Library/PrivateFrameworks/APFS.framework/Versions/A/APFS
0x00007ff822531000 	/System/Library/Frameworks/SecurityFoundation.framework/Versions/A/SecurityFoundation
0x00007ff8237b9000 	/usr/lib/libutil.dylib
0x00007ff81a67b000 	/System/Library/PrivateFrameworks/CoreServicesStore.framework/Versions/A/CoreServicesStore
0x00007ff8237bd000 	/usr/lib/libxslt.1.dylib
0x00007ff8225be000 	/System/Library/PrivateFrameworks/BackgroundTaskManagement.framework/Versions/A/BackgroundTaskManagement
0x00007ff824cdc000 	/System/Library/Frameworks/ImageIO.framework/Versions/A/Resources/libRadiance.dylib
0x00007ff824ce5000 	/System/Library/Frameworks/ImageIO.framework/Versions/A/Resources/libJPEG.dylib
0x00007ff824c37000 	/System/Library/Frameworks/ImageIO.framework/Versions/A/Resources/libPng.dylib
0x00007ff824c58000 	/System/Library/Frameworks/ImageIO.framework/Versions/A/Resources/libTIFF.dylib
0x00007ff824d44000 	/System/Library/Frameworks/ImageIO.framework/Versions/A/Resources/libGIF.dylib
0x00007ff824574000 	/System/Library/Frameworks/ImageIO.framework/Versions/A/Resources/libJP2.dylib
0x00007ff823cb2000 	/usr/lib/libexpat.1.dylib
0x00007ff824529000 	/System/Library/PrivateFrameworks/AppleJPEG.framework/Versions/A/AppleJPEG
0x00007ff820e4b000 	/System/Library/PrivateFrameworks/FontServices.framework/libFontParser.dylib
0x00007ff81e497000 	/System/Library/PrivateFrameworks/RunningBoardServices.framework/Versions/A/RunningBoardServices
0x00007ff82f6ab000 	/System/Library/PrivateFrameworks/IOSurfaceAccelerator.framework/Versions/A/IOSurfaceAccelerator
0x00007ff824654000 	/System/Library/PrivateFrameworks/WatchdogClient.framework/Versions/A/WatchdogClient
0x00007ff819079000 	/System/Library/Frameworks/CoreDisplay.framework/Versions/A/CoreDisplay
0x00007ff820d49000 	/System/Library/Frameworks/CoreMedia.framework/Versions/A/CoreMedia
0x00007ff820bdd000 	/System/Library/PrivateFrameworks/IOAccelerator.framework/Versions/A/IOAccelerator
0x00007ff81fae2000 	/System/Library/Frameworks/CoreVideo.framework/Versions/A/CoreVideo
0x00007ff823243000 	/System/Library/Frameworks/MetalPerformanceShaders.framework/Versions/A/MetalPerformanceShaders
0x00007ff824691000 	/System/Library/Frameworks/VideoToolbox.framework/Versions/A/VideoToolbox
0x00007ff81e3e1000 	/System/Library/PrivateFrameworks/BaseBoard.framework/Versions/A/BaseBoard
0x00007ff81e16b000 	/System/Library/PrivateFrameworks/ProtocolBuffer.framework/Versions/A/ProtocolBuffer
0x00007ff824cd5000 	/System/Library/PrivateFrameworks/GPUWrangler.framework/Versions/A/GPUWrangler
0x00007ff824cb9000 	/System/Library/PrivateFrameworks/IOPresentment.framework/Versions/A/IOPresentment
0x00007ff824cdf000 	/System/Library/PrivateFrameworks/DSExternalDisplay.framework/Versions/A/DSExternalDisplay
0x00007ffa30bc5000 	/System/Library/Frameworks/OpenGL.framework/Versions/A/Libraries/libCoreFSCache.dylib
0x00007ffb1dc8c000 	/System/Library/PrivateFrameworks/GPUCompiler.framework/Versions/31001/Libraries/libGPUCompilerUtils.dylib
0x00007ff824d49000 	/System/Library/PrivateFrameworks/CMCaptureCore.framework/Versions/A/CMCaptureCore
0x00007ff82425a000 	/System/Library/PrivateFrameworks/AppServerSupport.framework/Versions/A/AppServerSupport
0x00007ff826517000 	/System/Library/PrivateFrameworks/perfdata.framework/Versions/A/perfdata
0x00007ff8191a5000 	/System/Library/PrivateFrameworks/AudioToolboxCore.framework/Versions/A/AudioToolboxCore
0x00007ff820d27000 	/System/Library/PrivateFrameworks/caulk.framework/Versions/A/caulk
0x00007ff825e29000 	/usr/lib/libAudioStatistics.dylib
0x00007ff91d883000 	/System/Library/PrivateFrameworks/SystemPolicy.framework/Versions/A/SystemPolicy
0x00007ff826084000 	/usr/lib/libSMC.dylib
0x00007ff82efa3000 	/System/Library/Frameworks/CoreMIDI.framework/Versions/A/CoreMIDI
0x00007ff824c06000 	/usr/lib/libAudioToolboxUtility.dylib
0x00007ff919aaf000 	/System/Library/PrivateFrameworks/OSAServicesClient.framework/Versions/A/OSAServicesClient
0x00007ff826524000 	/usr/lib/libperfcheck.dylib
0x00007ff91e330000 	/usr/lib/libmis.dylib
0x00007ffa30c20000 	/System/Library/Frameworks/OpenGL.framework/Versions/A/Libraries/libGLU.dylib
0x00007ffa30be4000 	/System/Library/Frameworks/OpenGL.framework/Versions/A/Libraries/libGFXShared.dylib
0x00007ffa30ded000 	/System/Library/Frameworks/OpenGL.framework/Versions/A/Libraries/libGL.dylib
0x00007ffa30bed000 	/System/Library/Frameworks/OpenGL.framework/Versions/A/Libraries/libGLImage.dylib
0x00007ffa30be1000 	/System/Library/Frameworks/OpenGL.framework/Versions/A/Libraries/libCVMSPluginSupport.dylib
0x00007ffa30bcc000 	/System/Library/Frameworks/OpenGL.framework/Versions/A/Libraries/libCoreVMClient.dylib
0x00007ff821893000 	/System/Library/Frameworks/MetalPerformanceShaders.framework/Versions/A/Frameworks/MPSCore.framework/Versions/A/MPSCore
0x00007ff822bd7000 	/System/Library/Frameworks/MetalPerformanceShaders.framework/Versions/A/Frameworks/MPSImage.framework/Versions/A/MPSImage
0x00007ff82267d000 	/System/Library/Frameworks/MetalPerformanceShaders.framework/Versions/A/Frameworks/MPSNeuralNetwork.framework/Versions/A/MPSNeuralNetwork
0x00007ff822af1000 	/System/Library/Frameworks/MetalPerformanceShaders.framework/Versions/A/Frameworks/MPSMatrix.framework/Versions/A/MPSMatrix
0x00007ff8228ac000 	/System/Library/Frameworks/MetalPerformanceShaders.framework/Versions/A/Frameworks/MPSRayIntersector.framework/Versions/A/MPSRayIntersector
0x00007ff822b29000 	/System/Library/Frameworks/MetalPerformanceShaders.framework/Versions/A/Frameworks/MPSNDArray.framework/Versions/A/MPSNDArray
0x00007ffa366a5000 	/System/Library/Frameworks/MetalPerformanceShaders.framework/Versions/A/Frameworks/MPSFunctions.framework/Versions/A/MPSFunctions
0x00007ff818574000 	/System/Library/PrivateFrameworks/MetalTools.framework/Versions/A/MetalTools
0x00007ff82190f000 	/System/Library/PrivateFrameworks/AggregateDictionary.framework/Versions/A/AggregateDictionary
0x00007ff823a94000 	/usr/lib/libIOReport.dylib
0x00007ffa321fc000 	/System/Library/Frameworks/OpenCL.framework/Versions/A/OpenCL
0x00007ff823df8000 	/System/Library/PrivateFrameworks/FaceCore.framework/Versions/A/FaceCore
0x00007ff823de9000 	/System/Library/PrivateFrameworks/GraphVisualizer.framework/Versions/A/GraphVisualizer
0x00007ffb1db97000 	/System/Library/PrivateFrameworks/FontServices.framework/Versions/A/FontServices
0x00007ff824212000 	/System/Library/PrivateFrameworks/OTSVG.framework/Versions/A/OTSVG
0x00007ff81f6c9000 	/System/Library/Frameworks/ApplicationServices.framework/Versions/A/Frameworks/ATS.framework/Versions/A/Resources/libFontRegistry.dylib
0x00007ff824262000 	/System/Library/PrivateFrameworks/FontServices.framework/libhvf.dylib
0x00007ffb1db98000 	/System/Library/PrivateFrameworks/FontServices.framework/libXTFontStaticRegistryData.dylib
0x00007ff823c62000 	/System/Library/PrivateFrameworks/AppleVA.framework/Versions/A/AppleVA
0x00007ff825e49000 	/System/Library/Frameworks/ApplicationServices.framework/Versions/A/Frameworks/ATS.framework/Versions/A/ATS
0x00007ff81d89d000 	/System/Library/Frameworks/ApplicationServices.framework/Versions/A/Frameworks/HIServices.framework/Versions/A/HIServices
0x00007ff824d53000 	/System/Library/Frameworks/ApplicationServices.framework/Versions/A/Frameworks/PrintCore.framework/Versions/A/PrintCore
0x00007ff8261d7000 	/System/Library/Frameworks/ApplicationServices.framework/Versions/A/Frameworks/QD.framework/Versions/A/QD
0x00007ff8261cf000 	/System/Library/Frameworks/ApplicationServices.framework/Versions/A/Frameworks/ColorSyncLegacy.framework/Versions/A/ColorSyncLegacy
0x00007ff825e39000 	/System/Library/Frameworks/ApplicationServices.framework/Versions/A/Frameworks/SpeechSynthesis.framework/Versions/A/SpeechSynthesis
0x00007ff824d14000 	/System/Library/Frameworks/ApplicationServices.framework/Versions/A/Frameworks/ATSUI.framework/Versions/A/ATSUI
0x00007ff826164000 	/usr/lib/libcups.2.dylib
0x00007ff826533000 	/System/Library/Frameworks/Kerberos.framework/Versions/A/Kerberos
0x00007ff826542000 	/System/Library/Frameworks/GSS.framework/Versions/A/GSS
0x00007ff825eb5000 	/usr/lib/libresolv.9.dylib
0x00007ff824271000 	/System/Library/PrivateFrameworks/Heimdal.framework/Versions/A/Heimdal
0x00007ff82d126000 	/System/Library/Frameworks/Kerberos.framework/Versions/A/Libraries/libHeimdalProxy.dylib
0x00007ff81e56b000 	/System/Library/Frameworks/Network.framework/Versions/A/Network
0x00007ff823ccc000 	/usr/lib/libheimdal-asn1.dylib
0x00007ff82658d000 	/System/Library/PrivateFrameworks/CommonAuth.framework/Versions/A/CommonAuth
0x00007ff825dbb000 	/System/Library/PrivateFrameworks/AudioSession.framework/Versions/A/AudioSession
0x00007ff823d5c000 	/System/Library/PrivateFrameworks/MediaExperience.framework/Versions/A/MediaExperience
0x00007ff825c4d000 	/System/Library/PrivateFrameworks/AudioSession.framework/libSessionUtility.dylib
0x00007ff8261e3000 	/System/Library/PrivateFrameworks/AudioResourceArbitration.framework/Versions/A/AudioResourceArbitration
0x00007ff82a264000 	/System/Library/PrivateFrameworks/PowerLog.framework/Versions/A/PowerLog
0x00007ff823cd5000 	/System/Library/PrivateFrameworks/IconFoundation.framework/Versions/A/IconFoundation
0x00007ff82901a000 	/System/Library/PrivateFrameworks/SpeechRecognitionCore.framework/Versions/A/SpeechRecognitionCore
0x00007ffa22e67000 	/System/Library/CoreServices/Encodings/libLatin2Converter.dylib
0x0000000109e81000 	/Users/grzegorzjaskula/.p2/pool/plugins/org.eclipse.justj.openjdk.hotspot.jre.full.macosx.x86_64_17.0.3.v20220515-1416/jre/lib/server/libjvm.dylib
0x0000000108d8e000 	/Users/grzegorzjaskula/.p2/pool/plugins/org.eclipse.justj.openjdk.hotspot.jre.full.macosx.x86_64_17.0.3.v20220515-1416/jre/lib/libjimage.dylib
0x0000000108e14000 	/Users/grzegorzjaskula/.p2/pool/plugins/org.eclipse.justj.openjdk.hotspot.jre.full.macosx.x86_64_17.0.3.v20220515-1416/jre/lib/libjava.dylib
0x00000001098ef000 	/Users/grzegorzjaskula/.p2/pool/plugins/org.eclipse.justj.openjdk.hotspot.jre.full.macosx.x86_64_17.0.3.v20220515-1416/jre/lib/libzip.dylib
0x0000000109a34000 	/Users/grzegorzjaskula/.p2/pool/plugins/org.eclipse.justj.openjdk.hotspot.jre.full.macosx.x86_64_17.0.3.v20220515-1416/jre/lib/libnio.dylib
0x0000000109a80000 	/Users/grzegorzjaskula/.p2/pool/plugins/org.eclipse.justj.openjdk.hotspot.jre.full.macosx.x86_64_17.0.3.v20220515-1416/jre/lib/libnet.dylib
0x0000000109abf000 	/Users/grzegorzjaskula/.p2/pool/plugins/org.eclipse.justj.openjdk.hotspot.jre.full.macosx.x86_64_17.0.3.v20220515-1416/jre/lib/libverify.dylib
0x0000000109c2b000 	/Users/grzegorzjaskula/.p2/pool/plugins/org.eclipse.justj.openjdk.hotspot.jre.full.macosx.x86_64_17.0.3.v20220515-1416/jre/lib/libawt.dylib
0x000000012c4fe000 	/Users/grzegorzjaskula/.p2/pool/plugins/org.eclipse.justj.openjdk.hotspot.jre.full.macosx.x86_64_17.0.3.v20220515-1416/jre/lib/libmlib_image.dylib
0x00007ffa3660e000 	/System/Library/Frameworks/JavaRuntimeSupport.framework/Versions/A/JavaRuntimeSupport
0x00007ff91d3a7000 	/System/Library/Frameworks/Carbon.framework/Versions/A/Carbon
0x00007ff82b4de000 	/System/Library/PrivateFrameworks/CoreSymbolication.framework/Versions/A/CoreSymbolication
0x00007ff830a42000 	/System/Library/Frameworks/Carbon.framework/Versions/A/Frameworks/CommonPanels.framework/Versions/A/CommonPanels
0x00007ff82cb12000 	/System/Library/Frameworks/Carbon.framework/Versions/A/Frameworks/Help.framework/Versions/A/Help
0x00007ff830a46000 	/System/Library/Frameworks/Carbon.framework/Versions/A/Frameworks/ImageCapture.framework/Versions/A/ImageCapture
0x00007ff830a16000 	/System/Library/Frameworks/Carbon.framework/Versions/A/Frameworks/OpenScripting.framework/Versions/A/OpenScripting
0x00007ff830a3e000 	/System/Library/Frameworks/Carbon.framework/Versions/A/Frameworks/Ink.framework/Versions/A/Ink
0x00007ff91d3a3000 	/System/Library/Frameworks/Carbon.framework/Versions/A/Frameworks/Print.framework/Versions/A/Print
0x00007ff830a3a000 	/System/Library/Frameworks/Carbon.framework/Versions/A/Frameworks/SecurityHI.framework/Versions/A/SecurityHI
0x00007ff82b4a3000 	/System/Library/PrivateFrameworks/DebugSymbols.framework/Versions/A/DebugSymbols
0x000000012c77b000 	/Users/grzegorzjaskula/.p2/pool/plugins/org.eclipse.justj.openjdk.hotspot.jre.full.macosx.x86_64_17.0.3.v20220515-1416/jre/lib/libawt_lwawt.dylib
0x0000000109bb4000 	/Users/grzegorzjaskula/.p2/pool/plugins/org.eclipse.justj.openjdk.hotspot.jre.full.macosx.x86_64_17.0.3.v20220515-1416/jre/lib/libosxapp.dylib
0x00007ff91c671000 	/System/Library/Frameworks/ExceptionHandling.framework/Versions/A/ExceptionHandling
0x000000012cbe9000 	/Users/grzegorzjaskula/.p2/pool/plugins/org.eclipse.justj.openjdk.hotspot.jre.full.macosx.x86_64_17.0.3.v20220515-1416/jre/lib/libfontmanager.dylib
0x000000012ca55000 	/Users/grzegorzjaskula/.p2/pool/plugins/org.eclipse.justj.openjdk.hotspot.jre.full.macosx.x86_64_17.0.3.v20220515-1416/jre/lib/libfreetype.dylib
0x00007ff81a63d000 	/System/Library/PrivateFrameworks/CoreServicesInternal.framework/Versions/A/CoreServicesInternal
0x00007ff82a855000 	/System/Library/Frameworks/FileProvider.framework/Versions/A/FileProvider
0x00007ff81e34e000 	/System/Library/Frameworks/Accounts.framework/Versions/A/Accounts
0x00007ff82a9ce000 	/System/Library/PrivateFrameworks/GenerationalStorage.framework/Versions/A/GenerationalStorage
0x00007ff82a259000 	/System/Library/PrivateFrameworks/SymptomDiagnosticReporter.framework/Versions/A/SymptomDiagnosticReporter
0x00007ff81b8fe000 	/System/Library/PrivateFrameworks/DesktopServicesPriv.framework/Versions/A/DesktopServicesPriv
0x00007ff81a77c000 	/usr/lib/libsandbox.1.dylib
0x00007ff81fb61000 	/System/Library/PrivateFrameworks/UserManagement.framework/Versions/A/UserManagement
0x00007ff8261c4000 	/System/Library/PrivateFrameworks/NetAuth.framework/Versions/A/NetAuth
0x00007ff8270d3000 	/System/Library/PrivateFrameworks/Sharing.framework/Versions/A/Sharing
0x00007ff81fb34000 	/System/Library/PrivateFrameworks/login.framework/Versions/A/Frameworks/loginsupport.framework/Versions/A/loginsupport
0x00007ff82c641000 	/System/Library/PrivateFrameworks/Apple80211.framework/Versions/A/Apple80211
0x00007ff822cbc000 	/System/Library/PrivateFrameworks/AuthKit.framework/Versions/A/AuthKit
0x00007ff822311000 	/System/Library/PrivateFrameworks/CoreUtils.framework/Versions/A/CoreUtils
0x00007ff822238000 	/System/Library/Frameworks/CoreWLAN.framework/Versions/A/CoreWLAN
0x00007ff827232000 	/System/Library/Frameworks/IOBluetooth.framework/Versions/A/IOBluetooth
0x00007ff82c6a9000 	/System/Library/PrivateFrameworks/CoreWiFi.framework/Versions/A/CoreWiFi
0x00007ff82b078000 	/System/Library/PrivateFrameworks/FrontBoardServices.framework/Versions/A/FrontBoardServices
0x00007ff82b109000 	/System/Library/PrivateFrameworks/BoardServices.framework/Versions/A/BoardServices
0x00007ff822520000 	/System/Library/PrivateFrameworks/AssertionServices.framework/Versions/A/AssertionServices
0x00007ff82c82c000 	/System/Library/PrivateFrameworks/BackBoardServices.framework/Versions/A/BackBoardServices
0x00007ff82661e000 	/System/Library/PrivateFrameworks/CorePhoneNumbers.framework/Versions/A/CorePhoneNumbers
0x00007ff825ee2000 	/System/Library/PrivateFrameworks/MultiverseSupport.framework/Versions/A/MultiverseSupport
0x00007ff82ca9f000 	/System/Library/PrivateFrameworks/RemoteServiceDiscovery.framework/Versions/A/RemoteServiceDiscovery
0x00007ff82a376000 	/System/Library/PrivateFrameworks/DiskManagement.framework/Versions/A/DiskManagement
0x00007ff82a28a000 	/System/Library/PrivateFrameworks/AppleIDAuthSupport.framework/Versions/A/AppleIDAuthSupport
0x00007ffb18512000 	/System/Library/PrivateFrameworks/AAAFoundation.framework/Versions/A/AAAFoundation
0x00007ff8265ff000 	/System/Library/PrivateFrameworks/KeychainCircle.framework/Versions/A/KeychainCircle
0x00007ff82caaf000 	/System/Library/PrivateFrameworks/RemoteXPC.framework/Versions/A/RemoteXPC
0x00007ff82a342000 	/System/Library/PrivateFrameworks/MediaKit.framework/Versions/A/MediaKit
0x00007ff82a296000 	/System/Library/Frameworks/DiscRecording.framework/Versions/A/DiscRecording
0x00007ff823bda000 	/usr/lib/libCoreStorage.dylib
0x00007ff82cb1a000 	/usr/lib/libcsfde.dylib
0x00007ff8272ff000 	/System/Library/PrivateFrameworks/ProtectedCloudStorage.framework/Versions/A/ProtectedCloudStorage
0x00007ff82cb16000 	/System/Library/PrivateFrameworks/EFILogin.framework/Versions/A/EFILogin
0x00007ff82a9f4000 	/System/Library/PrivateFrameworks/OctagonTrust.framework/Versions/A/OctagonTrust
0x00007ffb1cdfa000 	/System/Library/PrivateFrameworks/CoreUtilsExtras.framework/Versions/A/CoreUtilsExtras
0x00007ff82a1bd000 	/System/Library/Frameworks/CoreBluetooth.framework/Versions/A/CoreBluetooth
0x00007ff82d1ab000 	/System/Library/Frameworks/AudioUnit.framework/Versions/A/AudioUnit
0x00007ff823bd2000 	/usr/lib/libMatch.1.dylib
0x00007ff92512a000 	/System/Library/CoreServices/RawCamera.bundle/Contents/MacOS/RawCamera
0x00007ff82659d000 	/System/Library/PrivateFrameworks/MobileAsset.framework/Versions/A/MobileAsset
0x00007ff82d1d2000 	/System/Library/PrivateFrameworks/StreamingZip.framework/Versions/A/StreamingZip
0x00007ffb1a0ee000 	/System/Library/PrivateFrameworks/CMPhoto.framework/Versions/A/CMPhoto
0x00007ff82b379000 	/System/Library/PrivateFrameworks/AppleVPA.framework/Versions/A/AppleVPA
0x00007ff824f7d000 	/System/Library/Frameworks/MediaToolbox.framework/Versions/A/MediaToolbox
0x00007ff82a825000 	/System/Library/PrivateFrameworks/CoreAVCHD.framework/Versions/A/CoreAVCHD
0x00007ff8296fa000 	/System/Library/Frameworks/MediaAccessibility.framework/Versions/A/MediaAccessibility
0x00007ff82a821000 	/System/Library/PrivateFrameworks/Mangrove.framework/Versions/A/Mangrove
0x00007ff829705000 	/System/Library/PrivateFrameworks/AlgosScoreFramework.framework/Versions/A/AlgosScoreFramework
0x00007ff82a466000 	/System/Library/PrivateFrameworks/CoreAUC.framework/Versions/A/CoreAUC
0x00007ff922954000 	/System/Library/Frameworks/Accelerate.framework/Versions/A/Frameworks/vImage.framework/Versions/A/Libraries/libCGInterfaces.dylib
0x000000012f677000 	/usr/lib/libobjc-trampolines.dylib
0x00007ff81f859000 	/System/Library/PrivateFrameworks/ViewBridge.framework/Versions/A/ViewBridge
0x0000000130c5d000 	/Users/grzegorzjaskula/eclipse-workspace/ComputerGraphics/lib/natives/liblwjgl.jnilib
0x0000000130449000 	/Users/grzegorzjaskula/.p2/pool/plugins/org.eclipse.justj.openjdk.hotspot.jre.full.macosx.x86_64_17.0.3.v20220515-1416/jre/lib/libjawt.dylib
0x00007ffa30df8000 	/System/Library/Frameworks/OpenGL.framework/Versions/A/Resources/GLEngine.bundle/GLEngine
0x00007ffa30c5e000 	/System/Library/Frameworks/OpenGL.framework/Versions/A/Libraries/libGLProgrammability.dylib
0x0000000130e95000 	/System/Library/Extensions/AppleMetalOpenGLRenderer.bundle/Contents/MacOS/AppleMetalOpenGLRenderer
0x00007ffa30f82000 	/System/Library/Frameworks/OpenGL.framework/Versions/A/Resources/GLRendererFloat.bundle/GLRendererFloat
0x00007ffa32d9a000 	/System/Library/Extensions/AGXMetal13_3.bundle/Contents/MacOS/AGXMetal13_3
0x00007ff91e34b000 	/System/Library/PrivateFrameworks/GPURawCounter.framework/Versions/A/GPURawCounter
0x00007ff918c57000 	/System/Library/PrivateFrameworks/IOGPU.framework/Versions/A/IOGPU
0x00007ff824328000 	/System/Library/PrivateFrameworks/login.framework/Versions/A/login


VM Arguments:
jvm_args: -Djava.library.path=/Users/grzegorzjaskula/eclipse-workspace/ComputerGraphics/lib/natives -Dfile.encoding=UTF-8 -XX:+ShowCodeDetailsInExceptionMessages 
java_command: engineTester.MainGameLoop
java_class_path (initial): /Users/grzegorzjaskula/eclipse-workspace/ComputerGraphics/bin:/Users/grzegorzjaskula/eclipse-workspace/ComputerGraphics/lib/jars/lwjgl_util.jar:/Users/grzegorzjaskula/eclipse-workspace/ComputerGraphics/lib/jars/lwjgl.jar:/Users/grzegorzjaskula/eclipse-workspace/ComputerGraphics/lib/jars/slick-util.jar
Launcher Type: SUN_STANDARD

[Global flags]
     intx CICompilerCount                          = 4                                         {product} {ergonomic}
     uint ConcGCThreads                            = 2                                         {product} {ergonomic}
     uint G1ConcRefinementThreads                  = 8                                         {product} {ergonomic}
   size_t G1HeapRegionSize                         = 2097152                                   {product} {ergonomic}
    uintx GCDrainStackTargetSize                   = 64                                        {product} {ergonomic}
   size_t InitialHeapSize                          = 268435456                                 {product} {ergonomic}
   size_t MarkStackSize                            = 4194304                                   {product} {ergonomic}
   size_t MaxHeapSize                              = 4294967296                                {product} {ergonomic}
   size_t MaxNewSize                               = 2575302656                                {product} {ergonomic}
   size_t MinHeapDeltaBytes                        = 2097152                                   {product} {ergonomic}
   size_t MinHeapSize                              = 8388608                                   {product} {ergonomic}
    uintx NonNMethodCodeHeapSize                   = 5839372                                {pd product} {ergonomic}
    uintx NonProfiledCodeHeapSize                  = 122909434                              {pd product} {ergonomic}
    uintx ProfiledCodeHeapSize                     = 122909434                              {pd product} {ergonomic}
    uintx ReservedCodeCacheSize                    = 251658240                              {pd product} {ergonomic}
     bool SegmentedCodeCache                       = true                                      {product} {ergonomic}
     bool ShowCodeDetailsInExceptionMessages       = true                                   {manageable} {command line}
   size_t SoftMaxHeapSize                          = 4294967296                             {manageable} {ergonomic}
     bool UseCompressedClassPointers               = true                           {product lp64_product} {ergonomic}
     bool UseCompressedOops                        = true                           {product lp64_product} {ergonomic}
     bool UseG1GC                                  = true                                      {product} {ergonomic}
     bool UseNUMA                                  = false                                     {product} {ergonomic}
     bool UseNUMAInterleaving                      = false                                     {product} {ergonomic}

Logging:
Log output configuration:
 #0: stdout all=warning uptime,level,tags
 #1: stderr all=off uptime,level,tags

Environment Variables:
PATH=/usr/bin:/bin:/usr/sbin:/sbin
SHELL=/bin/zsh

Signal Handlers:
   SIGSEGV: _ZL13crash_handleriP9__siginfoPv in libjvm.dylib, mask=11100110100111111111111111111111, flags=SA_RESTART|SA_SIGINFO
    SIGBUS: _ZL13crash_handleriP9__siginfoPv in libjvm.dylib, mask=11100110100111111111111111111111, flags=SA_RESTART|SA_SIGINFO
    SIGFPE: _ZL13crash_handleriP9__siginfoPv in libjvm.dylib, mask=11100110100111111111111111111111, flags=SA_RESTART|SA_SIGINFO
   SIGPIPE: _ZL17javaSignalHandleriP9__siginfoPv in libjvm.dylib, mask=11100110100111111111111111111111, flags=SA_RESTART|SA_SIGINFO
   SIGXFSZ: _ZL17javaSignalHandleriP9__siginfoPv in libjvm.dylib, mask=11100110100111111111111111111111, flags=SA_RESTART|SA_SIGINFO
    SIGILL: _ZL13crash_handleriP9__siginfoPv in libjvm.dylib, mask=11100110100111111111111111111111, flags=SA_RESTART|SA_SIGINFO
   SIGUSR2: _ZL10SR_handleriP9__siginfoP17__darwin_ucontext in libjvm.dylib, mask=00100000000000000000000000000000, flags=SA_RESTART|SA_SIGINFO
    SIGHUP: _ZL11UserHandleriPvS_ in libjvm.dylib, mask=11100110100111111111111111111111, flags=SA_RESTART|SA_SIGINFO
    SIGINT: _ZL11UserHandleriPvS_ in libjvm.dylib, mask=11100110100111111111111111111111, flags=SA_RESTART|SA_SIGINFO
   SIGTERM: _ZL11UserHandleriPvS_ in libjvm.dylib, mask=11100110100111111111111111111111, flags=SA_RESTART|SA_SIGINFO
   SIGQUIT: _ZL11UserHandleriPvS_ in libjvm.dylib, mask=11100110100111111111111111111111, flags=SA_RESTART|SA_SIGINFO
  *** Handler was modified!
  *** Expected: _ZL17javaSignalHandleriP9__siginfoPv in libjvm.dylib, mask=11100110100111111111111111111111, flags=SA_RESTART|SA_SIGINFO
   SIGTRAP: _ZL13crash_handleriP9__siginfoPv in libjvm.dylib, mask=11100110100111111111111111111111, flags=SA_RESTART|SA_SIGINFO


---------------  S Y S T E M  ---------------

OS:
uname: Darwin 21.6.0 Darwin Kernel Version 21.6.0: Sat Jun 18 17:05:47 PDT 2022; root:xnu-8020.140.41~1/RELEASE_ARM64_T8101 x86_64
OS uptime: 1 days 15:50 hours
rlimit (soft/hard): STACK 8176k/65520k , CORE 0k/infinity , NPROC 2666/4000 , NOFILE 10240/infinity , AS infinity/infinity , CPU infinity/infinity , DATA infinity/infinity , FSIZE infinity/infinity , MEMLOCK infinity/infinity , RSS infinity/infinity
load average: 2.79 2.37 2.23

CPU: (EMULATED) total 8 (initial active 8) (1 cores per cpu, 1 threads per core) family 6 model 44 stepping 0 microcode 0x0, cx8, cmov, fxsr, mmx, sse, sse2, sse3, ssse3, sse4.1, sse4.2, popcnt, tsc, tscinvbit, aes, clmul, clflush

Memory: 4k page, physical 16777216k(163636k free), swap 0k(0k free)

vm_info: OpenJDK 64-Bit Server VM (17.0.3+7) for bsd-amd64 JRE (17.0.3+7), built on Apr 19 2022 22:49:40 by "jenkins" with clang 4.2.1 Compatible Apple LLVM 10.0.1 (clang-1001.0.46.4)

END.
